2024-12-01 10:33:35,473 [Worker-3: Loading available Gradle versions] INFO  o.e.b.c.i.u.g.PublishedGradleVersions - Gradle version information cache is out-of-date. Trying to update.
2024-12-01 10:35:36,161 [Worker-3: Building] INFO  o.e.m.c.i.l.LifecycleMappingFactory - Using org.eclipse.m2e.jdt.JarLifecycleMapping lifecycle mapping for MavenProject: com.Exam:Backend:0.0.1-SNAPSHOT @ C:\Users\TVELAGAP\Desktop\MyProject\EduQuizPortal\Backend\pom.xml.
2024-12-01 10:35:38,222 [Worker-3: Building] INFO  o.a.m.s.f.DefaultMavenResourcesFiltering - Copying 1 resource from src\main\resources to target\classes
2024-12-01 10:35:38,241 [Worker-3: Building] INFO  o.a.m.s.f.DefaultMavenResourcesFiltering - Copying 0 resource from src\main\resources to target\classes
2024-12-01 10:35:38,246 [Worker-3: Building] INFO  o.a.m.s.f.DefaultMavenResourcesFiltering - skip non existing resourceDirectory C:\Users\TVELAGAP\Desktop\MyProject\EduQuizPortal\Backend\src\test\resources
2024-12-01 10:35:39,336 [Worker-34: Building] INFO  o.a.m.s.f.DefaultMavenResourcesFiltering - Copying 1 resource from src\main\resources to target\classes
2024-12-01 10:35:39,341 [Worker-34: Building] INFO  o.a.m.s.f.DefaultMavenResourcesFiltering - Copying 0 resource from src\main\resources to target\classes
2024-12-01 10:35:39,346 [Worker-34: Building] INFO  o.a.m.s.f.DefaultMavenResourcesFiltering - skip non existing resourceDirectory C:\Users\TVELAGAP\Desktop\MyProject\EduQuizPortal\Backend\src\test\resources
2024-12-01 10:35:40,936 [Worker-32: Building] INFO  o.a.m.s.f.DefaultMavenResourcesFiltering - Copying 0 resource from src\main\resources to target\classes
2024-12-01 10:35:40,937 [Worker-32: Building] INFO  o.a.m.s.f.DefaultMavenResourcesFiltering - Copying 0 resource from src\main\resources to target\classes
2024-12-01 10:35:40,943 [Worker-32: Building] INFO  o.a.m.s.f.DefaultMavenResourcesFiltering - skip non existing resourceDirectory C:\Users\TVELAGAP\Desktop\MyProject\EduQuizPortal\Backend\src\test\resources
2024-12-02 15:32:10,888 [Worker-6: Loading available Gradle versions] INFO  o.e.b.c.i.u.g.PublishedGradleVersions - Gradle version information cache is out-of-date. Trying to update.
2024-12-02 15:52:12,419 [Worker-32: Building] INFO  o.a.m.s.f.DefaultMavenResourcesFiltering - Copying 1 resource from src\main\resources to target\classes
2024-12-02 15:52:12,448 [Worker-32: Building] INFO  o.a.m.s.f.DefaultMavenResourcesFiltering - Copying 0 resource from src\main\resources to target\classes
2024-12-02 15:52:12,457 [Worker-32: Building] INFO  o.a.m.s.f.DefaultMavenResourcesFiltering - skip non existing resourceDirectory C:\Users\TVELAGAP\Desktop\MyProject\EduQuizPortal\Backend\src\test\resources
2024-12-02 15:54:47,267 [Worker-36: Building] INFO  o.a.m.s.f.DefaultMavenResourcesFiltering - Copying 1 resource from src\main\resources to target\classes
2024-12-02 15:54:47,276 [Worker-36: Building] INFO  o.a.m.s.f.DefaultMavenResourcesFiltering - Copying 0 resource from src\main\resources to target\classes
2024-12-02 15:54:47,283 [Worker-36: Building] INFO  o.a.m.s.f.DefaultMavenResourcesFiltering - skip non existing resourceDirectory C:\Users\TVELAGAP\Desktop\MyProject\EduQuizPortal\Backend\src\test\resources
2024-12-02 15:54:57,552 [Worker-36: Building] INFO  o.a.m.s.f.DefaultMavenResourcesFiltering - Copying 0 resource from src\main\resources to target\classes
2024-12-02 15:54:57,554 [Worker-36: Building] INFO  o.a.m.s.f.DefaultMavenResourcesFiltering - Copying 0 resource from src\main\resources to target\classes
2024-12-02 15:54:57,560 [Worker-36: Building] INFO  o.a.m.s.f.DefaultMavenResourcesFiltering - skip non existing resourceDirectory C:\Users\TVELAGAP\Desktop\MyProject\EduQuizPortal\Backend\src\test\resources
2024-12-02 15:56:14,135 [Worker-36: Building] INFO  o.a.m.s.f.DefaultMavenResourcesFiltering - Copying 1 resource from src\main\resources to target\classes
2024-12-02 15:56:14,145 [Worker-36: Building] INFO  o.a.m.s.f.DefaultMavenResourcesFiltering - Copying 0 resource from src\main\resources to target\classes
2024-12-02 15:56:14,153 [Worker-36: Building] INFO  o.a.m.s.f.DefaultMavenResourcesFiltering - skip non existing resourceDirectory C:\Users\TVELAGAP\Desktop\MyProject\EduQuizPortal\Backend\src\test\resources
2024-12-02 15:57:09,085 [Worker-33: Building] INFO  o.a.m.s.f.DefaultMavenResourcesFiltering - Copying 0 resource from src\main\resources to target\classes
2024-12-02 15:57:09,086 [Worker-33: Building] INFO  o.a.m.s.f.DefaultMavenResourcesFiltering - Copying 0 resource from src\main\resources to target\classes
2024-12-02 15:57:09,092 [Worker-33: Building] INFO  o.a.m.s.f.DefaultMavenResourcesFiltering - skip non existing resourceDirectory C:\Users\TVELAGAP\Desktop\MyProject\EduQuizPortal\Backend\src\test\resources
2024-12-02 15:57:23,468 [Worker-38: Building] INFO  o.a.m.s.f.DefaultMavenResourcesFiltering - Copying 1 resource from src\main\resources to target\classes
2024-12-02 15:57:23,488 [Worker-38: Building] INFO  o.a.m.s.f.DefaultMavenResourcesFiltering - Copying 0 resource from src\main\resources to target\classes
2024-12-02 15:57:23,494 [Worker-38: Building] INFO  o.a.m.s.f.DefaultMavenResourcesFiltering - skip non existing resourceDirectory C:\Users\TVELAGAP\Desktop\MyProject\EduQuizPortal\Backend\src\test\resources
2024-12-02 16:01:06,432 [Worker-33: Building] INFO  o.a.m.s.f.DefaultMavenResourcesFiltering - Copying 0 resource from src\main\resources to target\classes
2024-12-02 16:01:06,434 [Worker-33: Building] INFO  o.a.m.s.f.DefaultMavenResourcesFiltering - Copying 0 resource from src\main\resources to target\classes
2024-12-02 16:01:06,440 [Worker-33: Building] INFO  o.a.m.s.f.DefaultMavenResourcesFiltering - skip non existing resourceDirectory C:\Users\TVELAGAP\Desktop\MyProject\EduQuizPortal\Backend\src\test\resources
2024-12-02 16:07:59,502 [Worker-33: Building] INFO  o.a.m.s.f.DefaultMavenResourcesFiltering - Copying 1 resource from src\main\resources to target\classes
2024-12-02 16:07:59,511 [Worker-33: Building] INFO  o.a.m.s.f.DefaultMavenResourcesFiltering - Copying 0 resource from src\main\resources to target\classes
2024-12-02 16:07:59,519 [Worker-33: Building] INFO  o.a.m.s.f.DefaultMavenResourcesFiltering - skip non existing resourceDirectory C:\Users\TVELAGAP\Desktop\MyProject\EduQuizPortal\Backend\src\test\resources
2024-12-02 16:08:03,671 [Worker-42: Building] INFO  o.a.m.s.f.DefaultMavenResourcesFiltering - Copying 0 resource from src\main\resources to target\classes
2024-12-02 16:08:03,672 [Worker-42: Building] INFO  o.a.m.s.f.DefaultMavenResourcesFiltering - Copying 0 resource from src\main\resources to target\classes
2024-12-02 16:08:03,678 [Worker-42: Building] INFO  o.a.m.s.f.DefaultMavenResourcesFiltering - skip non existing resourceDirectory C:\Users\TVELAGAP\Desktop\MyProject\EduQuizPortal\Backend\src\test\resources
2024-12-02 16:08:09,941 [Worker-33: Building] INFO  o.a.m.s.f.DefaultMavenResourcesFiltering - Copying 1 resource from src\main\resources to target\classes
2024-12-02 16:08:09,948 [Worker-33: Building] INFO  o.a.m.s.f.DefaultMavenResourcesFiltering - Copying 0 resource from src\main\resources to target\classes
2024-12-02 16:08:09,955 [Worker-33: Building] INFO  o.a.m.s.f.DefaultMavenResourcesFiltering - skip non existing resourceDirectory C:\Users\TVELAGAP\Desktop\MyProject\EduQuizPortal\Backend\src\test\resources
2024-12-02 16:11:30,787 [Worker-43: Building] INFO  o.a.m.s.f.DefaultMavenResourcesFiltering - Copying 1 resource from src\main\resources to target\classes
2024-12-02 16:11:30,797 [Worker-43: Building] INFO  o.a.m.s.f.DefaultMavenResourcesFiltering - Copying 0 resource from src\main\resources to target\classes
2024-12-02 16:11:30,804 [Worker-43: Building] INFO  o.a.m.s.f.DefaultMavenResourcesFiltering - skip non existing resourceDirectory C:\Users\TVELAGAP\Desktop\MyProject\EduQuizPortal\Backend\src\test\resources
2024-12-02 16:12:59,114 [Worker-39: Building] INFO  o.a.m.s.f.DefaultMavenResourcesFiltering - Copying 0 resource from src\main\resources to target\classes
2024-12-02 16:12:59,117 [Worker-39: Building] INFO  o.a.m.s.f.DefaultMavenResourcesFiltering - Copying 0 resource from src\main\resources to target\classes
2024-12-02 16:12:59,123 [Worker-39: Building] INFO  o.a.m.s.f.DefaultMavenResourcesFiltering - skip non existing resourceDirectory C:\Users\TVELAGAP\Desktop\MyProject\EduQuizPortal\Backend\src\test\resources
2024-12-02 16:18:57,526 [Worker-33: Building] INFO  o.a.m.s.f.DefaultMavenResourcesFiltering - Copying 1 resource from src\main\resources to target\classes
2024-12-02 16:18:57,534 [Worker-33: Building] INFO  o.a.m.s.f.DefaultMavenResourcesFiltering - Copying 0 resource from src\main\resources to target\classes
2024-12-02 16:18:57,539 [Worker-33: Building] INFO  o.a.m.s.f.DefaultMavenResourcesFiltering - skip non existing resourceDirectory C:\Users\TVELAGAP\Desktop\MyProject\EduQuizPortal\Backend\src\test\resources
2024-12-02 16:23:57,330 [Worker-45: Building] INFO  o.a.m.s.f.DefaultMavenResourcesFiltering - Copying 0 resource from src\main\resources to target\classes
2024-12-02 16:23:57,332 [Worker-45: Building] INFO  o.a.m.s.f.DefaultMavenResourcesFiltering - Copying 0 resource from src\main\resources to target\classes
2024-12-02 16:23:57,338 [Worker-45: Building] INFO  o.a.m.s.f.DefaultMavenResourcesFiltering - skip non existing resourceDirectory C:\Users\TVELAGAP\Desktop\MyProject\EduQuizPortal\Backend\src\test\resources
2024-12-03 00:03:12,668 [Worker-99: Building] INFO  o.a.m.s.f.DefaultMavenResourcesFiltering - Copying 1 resource from src\main\resources to target\classes
2024-12-03 00:03:12,720 [Worker-99: Building] INFO  o.a.m.s.f.DefaultMavenResourcesFiltering - Copying 0 resource from src\main\resources to target\classes
2024-12-03 00:03:12,727 [Worker-99: Building] INFO  o.a.m.s.f.DefaultMavenResourcesFiltering - skip non existing resourceDirectory C:\Users\TVELAGAP\Desktop\MyProject\EduQuizPortal\Backend\src\test\resources
2024-12-03 10:20:47,962 [Worker-7: Loading available Gradle versions] INFO  o.e.b.c.i.u.g.PublishedGradleVersions - Gradle version information cache is up-to-date. Trying to read.
2024-12-03 10:32:53,125 [Worker-20: Building] INFO  o.a.m.s.f.DefaultMavenResourcesFiltering - Copying 1 resource from src\main\resources to target\classes
2024-12-03 10:32:53,138 [Worker-20: Building] INFO  o.a.m.s.f.DefaultMavenResourcesFiltering - Copying 0 resource from src\main\resources to target\classes
2024-12-03 10:32:53,143 [Worker-20: Building] INFO  o.a.m.s.f.DefaultMavenResourcesFiltering - skip non existing resourceDirectory C:\Users\TVELAGAP\Desktop\MyProject\EduQuizPortal\Backend\src\test\resources
2024-12-03 10:34:33,146 [Worker-27: Building] INFO  o.a.m.s.f.DefaultMavenResourcesFiltering - Copying 0 resource from src\main\resources to target\classes
2024-12-03 10:34:33,148 [Worker-27: Building] INFO  o.a.m.s.f.DefaultMavenResourcesFiltering - Copying 0 resource from src\main\resources to target\classes
2024-12-03 10:34:33,152 [Worker-27: Building] INFO  o.a.m.s.f.DefaultMavenResourcesFiltering - skip non existing resourceDirectory C:\Users\TVELAGAP\Desktop\MyProject\EduQuizPortal\Backend\src\test\resources
2024-12-03 11:03:34,862 [Worker-36: Building] INFO  o.a.m.s.f.DefaultMavenResourcesFiltering - Copying 1 resource from src\main\resources to target\classes
2024-12-03 11:03:34,871 [Worker-36: Building] INFO  o.a.m.s.f.DefaultMavenResourcesFiltering - Copying 0 resource from src\main\resources to target\classes
2024-12-03 11:03:34,877 [Worker-36: Building] INFO  o.a.m.s.f.DefaultMavenResourcesFiltering - skip non existing resourceDirectory C:\Users\TVELAGAP\Desktop\MyProject\EduQuizPortal\Backend\src\test\resources
2024-12-03 11:03:46,298 [Worker-32: Building] INFO  o.a.m.s.f.DefaultMavenResourcesFiltering - Copying 1 resource from src\main\resources to target\classes
2024-12-03 11:03:46,310 [Worker-32: Building] INFO  o.a.m.s.f.DefaultMavenResourcesFiltering - Copying 0 resource from src\main\resources to target\classes
2024-12-03 11:03:46,314 [Worker-32: Building] INFO  o.a.m.s.f.DefaultMavenResourcesFiltering - skip non existing resourceDirectory C:\Users\TVELAGAP\Desktop\MyProject\EduQuizPortal\Backend\src\test\resources
2024-12-03 11:04:10,913 [Worker-34: Building] INFO  o.a.m.s.f.DefaultMavenResourcesFiltering - Copying 1 resource from src\main\resources to target\classes
2024-12-03 11:04:10,917 [Worker-34: Building] INFO  o.a.m.s.f.DefaultMavenResourcesFiltering - Copying 0 resource from src\main\resources to target\classes
2024-12-03 11:04:10,921 [Worker-34: Building] INFO  o.a.m.s.f.DefaultMavenResourcesFiltering - skip non existing resourceDirectory C:\Users\TVELAGAP\Desktop\MyProject\EduQuizPortal\Backend\src\test\resources
2024-12-03 11:04:14,960 [Worker-32: Building] INFO  o.a.m.s.f.DefaultMavenResourcesFiltering - Copying 1 resource from src\main\resources to target\classes
2024-12-03 11:04:14,964 [Worker-32: Building] INFO  o.a.m.s.f.DefaultMavenResourcesFiltering - Copying 0 resource from src\main\resources to target\classes
2024-12-03 11:04:14,969 [Worker-32: Building] INFO  o.a.m.s.f.DefaultMavenResourcesFiltering - skip non existing resourceDirectory C:\Users\TVELAGAP\Desktop\MyProject\EduQuizPortal\Backend\src\test\resources
2024-12-03 11:04:19,422 [Worker-36: Building] INFO  o.a.m.s.f.DefaultMavenResourcesFiltering - Copying 1 resource from src\main\resources to target\classes
2024-12-03 11:04:19,521 [Worker-36: Building] INFO  o.a.m.s.f.DefaultMavenResourcesFiltering - Copying 0 resource from src\main\resources to target\classes
2024-12-03 11:04:19,534 [Worker-36: Building] INFO  o.a.m.s.f.DefaultMavenResourcesFiltering - skip non existing resourceDirectory C:\Users\TVELAGAP\Desktop\MyProject\EduQuizPortal\Backend\src\test\resources
2024-12-03 11:08:34,857 [Worker-34: Building] INFO  o.a.m.s.f.DefaultMavenResourcesFiltering - Copying 0 resource from src\main\resources to target\classes
2024-12-03 11:08:34,858 [Worker-34: Building] INFO  o.a.m.s.f.DefaultMavenResourcesFiltering - Copying 0 resource from src\main\resources to target\classes
2024-12-03 11:08:34,861 [Worker-34: Building] INFO  o.a.m.s.f.DefaultMavenResourcesFiltering - skip non existing resourceDirectory C:\Users\TVELAGAP\Desktop\MyProject\EduQuizPortal\Backend\src\test\resources
2024-12-03 17:57:51,213 [Worker-64: Building] INFO  o.a.m.s.f.DefaultMavenResourcesFiltering - Copying 1 resource from src\main\resources to target\classes
2024-12-03 17:57:51,269 [Worker-64: Building] INFO  o.a.m.s.f.DefaultMavenResourcesFiltering - Copying 0 resource from src\main\resources to target\classes
2024-12-03 17:57:51,278 [Worker-64: Building] INFO  o.a.m.s.f.DefaultMavenResourcesFiltering - skip non existing resourceDirectory C:\Users\TVELAGAP\Desktop\MyProject\EduQuizPortal\Backend\src\test\resources
2024-12-03 17:57:54,741 [Worker-64: Building] INFO  o.a.m.s.f.DefaultMavenResourcesFiltering - Copying 1 resource from src\main\resources to target\classes
2024-12-03 17:57:54,749 [Worker-64: Building] INFO  o.a.m.s.f.DefaultMavenResourcesFiltering - Copying 0 resource from src\main\resources to target\classes
2024-12-03 17:57:54,758 [Worker-64: Building] INFO  o.a.m.s.f.DefaultMavenResourcesFiltering - skip non existing resourceDirectory C:\Users\TVELAGAP\Desktop\MyProject\EduQuizPortal\Backend\src\test\resources
2024-12-03 18:02:51,050 [Worker-64: Building] INFO  o.a.m.s.f.DefaultMavenResourcesFiltering - Copying 0 resource from src\main\resources to target\classes
2024-12-03 18:02:51,051 [Worker-64: Building] INFO  o.a.m.s.f.DefaultMavenResourcesFiltering - Copying 0 resource from src\main\resources to target\classes
2024-12-03 18:02:51,060 [Worker-64: Building] INFO  o.a.m.s.f.DefaultMavenResourcesFiltering - skip non existing resourceDirectory C:\Users\TVELAGAP\Desktop\MyProject\EduQuizPortal\Backend\src\test\resources
2024-12-03 18:12:56,521 [Worker-76: Launching Executing clean in C__Users_TVELAGAP_Desktop_MyProject_EduQuizPortal_Backend] INFO  o.eclipse.m2e.core.internal.Bundles - getClasspathEntries(Bundle=org.eclipse.m2e.maven.runtime_3.9.900.20240824-1409 [299])
2024-12-03 18:12:56,524 [Worker-76: Launching Executing clean in C__Users_TVELAGAP_Desktop_MyProject_EduQuizPortal_Backend] INFO  o.eclipse.m2e.core.internal.Bundles - 	Entry: C:\Users\TVELAGAP\.p2\pool\plugins\org.eclipse.m2e.maven.runtime_3.9.900.20240824-1409
2024-12-03 18:12:56,525 [Worker-76: Launching Executing clean in C__Users_TVELAGAP_Desktop_MyProject_EduQuizPortal_Backend] INFO  o.eclipse.m2e.core.internal.Bundles - 	Entry: C:\Users\TVELAGAP\.p2\pool\plugins\org.eclipse.m2e.maven.runtime_3.9.900.20240824-1409\jars\aopalliance-1.0.jar
2024-12-03 18:12:56,526 [Worker-76: Launching Executing clean in C__Users_TVELAGAP_Desktop_MyProject_EduQuizPortal_Backend] INFO  o.eclipse.m2e.core.internal.Bundles - 	Entry: C:\Users\TVELAGAP\.p2\pool\plugins\org.eclipse.m2e.maven.runtime_3.9.900.20240824-1409\jars\guice-5.1.0.jar
2024-12-03 18:12:56,526 [Worker-76: Launching Executing clean in C__Users_TVELAGAP_Desktop_MyProject_EduQuizPortal_Backend] INFO  o.eclipse.m2e.core.internal.Bundles - 	Entry: C:\Users\TVELAGAP\.p2\pool\plugins\org.eclipse.m2e.maven.runtime_3.9.900.20240824-1409\jars\httpclient-4.5.14.jar
2024-12-03 18:12:56,526 [Worker-76: Launching Executing clean in C__Users_TVELAGAP_Desktop_MyProject_EduQuizPortal_Backend] INFO  o.eclipse.m2e.core.internal.Bundles - 	Entry: C:\Users\TVELAGAP\.p2\pool\plugins\org.eclipse.m2e.maven.runtime_3.9.900.20240824-1409\jars\httpcore-4.4.16.jar
2024-12-03 18:12:56,527 [Worker-76: Launching Executing clean in C__Users_TVELAGAP_Desktop_MyProject_EduQuizPortal_Backend] INFO  o.eclipse.m2e.core.internal.Bundles - 	Entry: C:\Users\TVELAGAP\.p2\pool\plugins\org.eclipse.m2e.maven.runtime_3.9.900.20240824-1409\jars\jansi-2.4.1.jar
2024-12-03 18:12:56,527 [Worker-76: Launching Executing clean in C__Users_TVELAGAP_Desktop_MyProject_EduQuizPortal_Backend] INFO  o.eclipse.m2e.core.internal.Bundles - 	Entry: C:\Users\TVELAGAP\.p2\pool\plugins\org.eclipse.m2e.maven.runtime_3.9.900.20240824-1409\jars\jcl-over-slf4j-1.7.36.jar
2024-12-03 18:12:56,527 [Worker-76: Launching Executing clean in C__Users_TVELAGAP_Desktop_MyProject_EduQuizPortal_Backend] INFO  o.eclipse.m2e.core.internal.Bundles - 	Entry: C:\Users\TVELAGAP\.p2\pool\plugins\org.eclipse.m2e.maven.runtime_3.9.900.20240824-1409\jars\maven-artifact-3.9.9.jar
2024-12-03 18:12:56,527 [Worker-76: Launching Executing clean in C__Users_TVELAGAP_Desktop_MyProject_EduQuizPortal_Backend] INFO  o.eclipse.m2e.core.internal.Bundles - 	Entry: C:\Users\TVELAGAP\.p2\pool\plugins\org.eclipse.m2e.maven.runtime_3.9.900.20240824-1409\jars\maven-builder-support-3.9.9.jar
2024-12-03 18:12:56,528 [Worker-76: Launching Executing clean in C__Users_TVELAGAP_Desktop_MyProject_EduQuizPortal_Backend] INFO  o.eclipse.m2e.core.internal.Bundles - 	Entry: C:\Users\TVELAGAP\.p2\pool\plugins\org.eclipse.m2e.maven.runtime_3.9.900.20240824-1409\jars\maven-compat-3.9.9.jar
2024-12-03 18:12:56,528 [Worker-76: Launching Executing clean in C__Users_TVELAGAP_Desktop_MyProject_EduQuizPortal_Backend] INFO  o.eclipse.m2e.core.internal.Bundles - 	Entry: C:\Users\TVELAGAP\.p2\pool\plugins\org.eclipse.m2e.maven.runtime_3.9.900.20240824-1409\jars\maven-core-3.9.9.jar
2024-12-03 18:12:56,529 [Worker-76: Launching Executing clean in C__Users_TVELAGAP_Desktop_MyProject_EduQuizPortal_Backend] INFO  o.eclipse.m2e.core.internal.Bundles - 	Entry: C:\Users\TVELAGAP\.p2\pool\plugins\org.eclipse.m2e.maven.runtime_3.9.900.20240824-1409\jars\maven-embedder-3.9.9.jar
2024-12-03 18:12:56,529 [Worker-76: Launching Executing clean in C__Users_TVELAGAP_Desktop_MyProject_EduQuizPortal_Backend] INFO  o.eclipse.m2e.core.internal.Bundles - 	Entry: C:\Users\TVELAGAP\.p2\pool\plugins\org.eclipse.m2e.maven.runtime_3.9.900.20240824-1409\jars\maven-model-3.9.9.jar
2024-12-03 18:12:56,530 [Worker-76: Launching Executing clean in C__Users_TVELAGAP_Desktop_MyProject_EduQuizPortal_Backend] INFO  o.eclipse.m2e.core.internal.Bundles - 	Entry: C:\Users\TVELAGAP\.p2\pool\plugins\org.eclipse.m2e.maven.runtime_3.9.900.20240824-1409\jars\maven-model-builder-3.9.9.jar
2024-12-03 18:12:56,530 [Worker-76: Launching Executing clean in C__Users_TVELAGAP_Desktop_MyProject_EduQuizPortal_Backend] INFO  o.eclipse.m2e.core.internal.Bundles - 	Entry: C:\Users\TVELAGAP\.p2\pool\plugins\org.eclipse.m2e.maven.runtime_3.9.900.20240824-1409\jars\maven-plugin-api-3.9.9.jar
2024-12-03 18:12:56,530 [Worker-76: Launching Executing clean in C__Users_TVELAGAP_Desktop_MyProject_EduQuizPortal_Backend] INFO  o.eclipse.m2e.core.internal.Bundles - 	Entry: C:\Users\TVELAGAP\.p2\pool\plugins\org.eclipse.m2e.maven.runtime_3.9.900.20240824-1409\jars\maven-repository-metadata-3.9.9.jar
2024-12-03 18:12:56,531 [Worker-76: Launching Executing clean in C__Users_TVELAGAP_Desktop_MyProject_EduQuizPortal_Backend] INFO  o.eclipse.m2e.core.internal.Bundles - 	Entry: C:\Users\TVELAGAP\.p2\pool\plugins\org.eclipse.m2e.maven.runtime_3.9.900.20240824-1409\jars\maven-resolver-api-1.9.22.jar
2024-12-03 18:12:56,531 [Worker-76: Launching Executing clean in C__Users_TVELAGAP_Desktop_MyProject_EduQuizPortal_Backend] INFO  o.eclipse.m2e.core.internal.Bundles - 	Entry: C:\Users\TVELAGAP\.p2\pool\plugins\org.eclipse.m2e.maven.runtime_3.9.900.20240824-1409\jars\maven-resolver-connector-basic-1.9.22.jar
2024-12-03 18:12:56,532 [Worker-76: Launching Executing clean in C__Users_TVELAGAP_Desktop_MyProject_EduQuizPortal_Backend] INFO  o.eclipse.m2e.core.internal.Bundles - 	Entry: C:\Users\TVELAGAP\.p2\pool\plugins\org.eclipse.m2e.maven.runtime_3.9.900.20240824-1409\jars\maven-resolver-impl-1.9.22.jar
2024-12-03 18:12:56,532 [Worker-76: Launching Executing clean in C__Users_TVELAGAP_Desktop_MyProject_EduQuizPortal_Backend] INFO  o.eclipse.m2e.core.internal.Bundles - 	Entry: C:\Users\TVELAGAP\.p2\pool\plugins\org.eclipse.m2e.maven.runtime_3.9.900.20240824-1409\jars\maven-resolver-named-locks-1.9.22.jar
2024-12-03 18:12:56,532 [Worker-76: Launching Executing clean in C__Users_TVELAGAP_Desktop_MyProject_EduQuizPortal_Backend] INFO  o.eclipse.m2e.core.internal.Bundles - 	Entry: C:\Users\TVELAGAP\.p2\pool\plugins\org.eclipse.m2e.maven.runtime_3.9.900.20240824-1409\jars\maven-resolver-provider-3.9.9.jar
2024-12-03 18:12:56,533 [Worker-76: Launching Executing clean in C__Users_TVELAGAP_Desktop_MyProject_EduQuizPortal_Backend] INFO  o.eclipse.m2e.core.internal.Bundles - 	Entry: C:\Users\TVELAGAP\.p2\pool\plugins\org.eclipse.m2e.maven.runtime_3.9.900.20240824-1409\jars\maven-resolver-spi-1.9.22.jar
2024-12-03 18:12:56,533 [Worker-76: Launching Executing clean in C__Users_TVELAGAP_Desktop_MyProject_EduQuizPortal_Backend] INFO  o.eclipse.m2e.core.internal.Bundles - 	Entry: C:\Users\TVELAGAP\.p2\pool\plugins\org.eclipse.m2e.maven.runtime_3.9.900.20240824-1409\jars\maven-resolver-transport-file-1.9.22.jar
2024-12-03 18:12:56,533 [Worker-76: Launching Executing clean in C__Users_TVELAGAP_Desktop_MyProject_EduQuizPortal_Backend] INFO  o.eclipse.m2e.core.internal.Bundles - 	Entry: C:\Users\TVELAGAP\.p2\pool\plugins\org.eclipse.m2e.maven.runtime_3.9.900.20240824-1409\jars\maven-resolver-transport-http-1.9.22.jar
2024-12-03 18:12:56,534 [Worker-76: Launching Executing clean in C__Users_TVELAGAP_Desktop_MyProject_EduQuizPortal_Backend] INFO  o.eclipse.m2e.core.internal.Bundles - 	Entry: C:\Users\TVELAGAP\.p2\pool\plugins\org.eclipse.m2e.maven.runtime_3.9.900.20240824-1409\jars\maven-resolver-transport-wagon-1.9.22.jar
2024-12-03 18:12:56,534 [Worker-76: Launching Executing clean in C__Users_TVELAGAP_Desktop_MyProject_EduQuizPortal_Backend] INFO  o.eclipse.m2e.core.internal.Bundles - 	Entry: C:\Users\TVELAGAP\.p2\pool\plugins\org.eclipse.m2e.maven.runtime_3.9.900.20240824-1409\jars\maven-resolver-util-1.9.22.jar
2024-12-03 18:12:56,534 [Worker-76: Launching Executing clean in C__Users_TVELAGAP_Desktop_MyProject_EduQuizPortal_Backend] INFO  o.eclipse.m2e.core.internal.Bundles - 	Entry: C:\Users\TVELAGAP\.p2\pool\plugins\org.eclipse.m2e.maven.runtime_3.9.900.20240824-1409\jars\maven-settings-3.9.9.jar
2024-12-03 18:12:56,534 [Worker-76: Launching Executing clean in C__Users_TVELAGAP_Desktop_MyProject_EduQuizPortal_Backend] INFO  o.eclipse.m2e.core.internal.Bundles - 	Entry: C:\Users\TVELAGAP\.p2\pool\plugins\org.eclipse.m2e.maven.runtime_3.9.900.20240824-1409\jars\maven-settings-builder-3.9.9.jar
2024-12-03 18:12:56,535 [Worker-76: Launching Executing clean in C__Users_TVELAGAP_Desktop_MyProject_EduQuizPortal_Backend] INFO  o.eclipse.m2e.core.internal.Bundles - 	Entry: C:\Users\TVELAGAP\.p2\pool\plugins\org.eclipse.m2e.maven.runtime_3.9.900.20240824-1409\jars\maven-shared-utils-3.4.2.jar
2024-12-03 18:12:56,535 [Worker-76: Launching Executing clean in C__Users_TVELAGAP_Desktop_MyProject_EduQuizPortal_Backend] INFO  o.eclipse.m2e.core.internal.Bundles - 	Entry: C:\Users\TVELAGAP\.p2\pool\plugins\org.eclipse.m2e.maven.runtime_3.9.900.20240824-1409\jars\org.eclipse.sisu.inject-0.9.0.M3.jar
2024-12-03 18:12:56,536 [Worker-76: Launching Executing clean in C__Users_TVELAGAP_Desktop_MyProject_EduQuizPortal_Backend] INFO  o.eclipse.m2e.core.internal.Bundles - 	Entry: C:\Users\TVELAGAP\.p2\pool\plugins\org.eclipse.m2e.maven.runtime_3.9.900.20240824-1409\jars\org.eclipse.sisu.plexus-0.9.0.M3.jar
2024-12-03 18:12:56,536 [Worker-76: Launching Executing clean in C__Users_TVELAGAP_Desktop_MyProject_EduQuizPortal_Backend] INFO  o.eclipse.m2e.core.internal.Bundles - 	Entry: C:\Users\TVELAGAP\.p2\pool\plugins\org.eclipse.m2e.maven.runtime_3.9.900.20240824-1409\jars\plexus-build-api-0.0.7.jar
2024-12-03 18:12:56,536 [Worker-76: Launching Executing clean in C__Users_TVELAGAP_Desktop_MyProject_EduQuizPortal_Backend] INFO  o.eclipse.m2e.core.internal.Bundles - 	Entry: C:\Users\TVELAGAP\.p2\pool\plugins\org.eclipse.m2e.maven.runtime_3.9.900.20240824-1409\jars\plexus-build-api-1.2.0.jar
2024-12-03 18:12:56,537 [Worker-76: Launching Executing clean in C__Users_TVELAGAP_Desktop_MyProject_EduQuizPortal_Backend] INFO  o.eclipse.m2e.core.internal.Bundles - 	Entry: C:\Users\TVELAGAP\.p2\pool\plugins\org.eclipse.m2e.maven.runtime_3.9.900.20240824-1409\jars\plexus-cipher-2.0.jar
2024-12-03 18:12:56,537 [Worker-76: Launching Executing clean in C__Users_TVELAGAP_Desktop_MyProject_EduQuizPortal_Backend] INFO  o.eclipse.m2e.core.internal.Bundles - 	Entry: C:\Users\TVELAGAP\.p2\pool\plugins\org.eclipse.m2e.maven.runtime_3.9.900.20240824-1409\jars\plexus-classworlds-2.8.0.jar
2024-12-03 18:12:56,537 [Worker-76: Launching Executing clean in C__Users_TVELAGAP_Desktop_MyProject_EduQuizPortal_Backend] INFO  o.eclipse.m2e.core.internal.Bundles - 	Entry: C:\Users\TVELAGAP\.p2\pool\plugins\org.eclipse.m2e.maven.runtime_3.9.900.20240824-1409\jars\plexus-component-annotations-2.1.0.jar
2024-12-03 18:12:56,538 [Worker-76: Launching Executing clean in C__Users_TVELAGAP_Desktop_MyProject_EduQuizPortal_Backend] INFO  o.eclipse.m2e.core.internal.Bundles - 	Entry: C:\Users\TVELAGAP\.p2\pool\plugins\org.eclipse.m2e.maven.runtime_3.9.900.20240824-1409\jars\plexus-interpolation-1.27.jar
2024-12-03 18:12:56,538 [Worker-76: Launching Executing clean in C__Users_TVELAGAP_Desktop_MyProject_EduQuizPortal_Backend] INFO  o.eclipse.m2e.core.internal.Bundles - 	Entry: C:\Users\TVELAGAP\.p2\pool\plugins\org.eclipse.m2e.maven.runtime_3.9.900.20240824-1409\jars\plexus-sec-dispatcher-2.0.jar
2024-12-03 18:12:56,538 [Worker-76: Launching Executing clean in C__Users_TVELAGAP_Desktop_MyProject_EduQuizPortal_Backend] INFO  o.eclipse.m2e.core.internal.Bundles - 	Entry: C:\Users\TVELAGAP\.p2\pool\plugins\org.eclipse.m2e.maven.runtime_3.9.900.20240824-1409\jars\plexus-utils-3.5.1.jar
2024-12-03 18:12:56,539 [Worker-76: Launching Executing clean in C__Users_TVELAGAP_Desktop_MyProject_EduQuizPortal_Backend] INFO  o.eclipse.m2e.core.internal.Bundles - 	Entry: C:\Users\TVELAGAP\.p2\pool\plugins\org.eclipse.m2e.maven.runtime_3.9.900.20240824-1409\jars\plexus-xml-3.0.1.jar
2024-12-03 18:12:56,539 [Worker-76: Launching Executing clean in C__Users_TVELAGAP_Desktop_MyProject_EduQuizPortal_Backend] INFO  o.eclipse.m2e.core.internal.Bundles - 	Entry: C:\Users\TVELAGAP\.p2\pool\plugins\org.eclipse.m2e.maven.runtime_3.9.900.20240824-1409\jars\wagon-file-3.5.3.jar
2024-12-03 18:12:56,539 [Worker-76: Launching Executing clean in C__Users_TVELAGAP_Desktop_MyProject_EduQuizPortal_Backend] INFO  o.eclipse.m2e.core.internal.Bundles - 	Entry: C:\Users\TVELAGAP\.p2\pool\plugins\org.eclipse.m2e.maven.runtime_3.9.900.20240824-1409\jars\wagon-http-3.5.3.jar
2024-12-03 18:12:56,540 [Worker-76: Launching Executing clean in C__Users_TVELAGAP_Desktop_MyProject_EduQuizPortal_Backend] INFO  o.eclipse.m2e.core.internal.Bundles - 	Entry: C:\Users\TVELAGAP\.p2\pool\plugins\org.eclipse.m2e.maven.runtime_3.9.900.20240824-1409\jars\wagon-http-shared-3.5.3.jar
2024-12-03 18:12:56,540 [Worker-76: Launching Executing clean in C__Users_TVELAGAP_Desktop_MyProject_EduQuizPortal_Backend] INFO  o.eclipse.m2e.core.internal.Bundles - 	Entry: C:\Users\TVELAGAP\.p2\pool\plugins\org.eclipse.m2e.maven.runtime_3.9.900.20240824-1409\jars\wagon-provider-api-3.5.3.jar
2024-12-03 18:12:56,542 [Worker-76: Launching Executing clean in C__Users_TVELAGAP_Desktop_MyProject_EduQuizPortal_Backend] INFO  o.eclipse.m2e.core.internal.Bundles - getClasspathEntries(Bundle=com.google.guava_33.3.0.jre [10])
2024-12-03 18:12:56,543 [Worker-76: Launching Executing clean in C__Users_TVELAGAP_Desktop_MyProject_EduQuizPortal_Backend] INFO  o.eclipse.m2e.core.internal.Bundles - 	Entry: C:\Users\TVELAGAP\.p2\pool\plugins\com.google.guava_33.3.0.jre.jar
2024-12-03 18:12:56,543 [Worker-76: Launching Executing clean in C__Users_TVELAGAP_Desktop_MyProject_EduQuizPortal_Backend] INFO  o.eclipse.m2e.core.internal.Bundles - getClasspathEntries(Bundle=slf4j.api_2.0.16 [521])
2024-12-03 18:12:56,544 [Worker-76: Launching Executing clean in C__Users_TVELAGAP_Desktop_MyProject_EduQuizPortal_Backend] INFO  o.eclipse.m2e.core.internal.Bundles - 	Entry: C:\Users\TVELAGAP\.p2\pool\plugins\slf4j.api_2.0.16.jar
2024-12-03 18:12:56,544 [Worker-76: Launching Executing clean in C__Users_TVELAGAP_Desktop_MyProject_EduQuizPortal_Backend] INFO  o.eclipse.m2e.core.internal.Bundles - getClasspathEntries(Bundle=jakarta.inject.jakarta.inject-api_1.0.5 [22])
2024-12-03 18:12:56,545 [Worker-76: Launching Executing clean in C__Users_TVELAGAP_Desktop_MyProject_EduQuizPortal_Backend] INFO  o.eclipse.m2e.core.internal.Bundles - 	Entry: C:\Users\TVELAGAP\.p2\pool\plugins\jakarta.inject.jakarta.inject-api_1.0.5.jar
2024-12-03 18:12:56,545 [Worker-76: Launching Executing clean in C__Users_TVELAGAP_Desktop_MyProject_EduQuizPortal_Backend] INFO  o.eclipse.m2e.core.internal.Bundles - getClasspathEntries(Bundle=jakarta.annotation-api_1.3.5 [20])
2024-12-03 18:12:56,546 [Worker-76: Launching Executing clean in C__Users_TVELAGAP_Desktop_MyProject_EduQuizPortal_Backend] INFO  o.eclipse.m2e.core.internal.Bundles - 	Entry: C:\Users\TVELAGAP\.p2\pool\plugins\jakarta.annotation-api_1.3.5.jar
2024-12-03 18:12:56,546 [Worker-76: Launching Executing clean in C__Users_TVELAGAP_Desktop_MyProject_EduQuizPortal_Backend] INFO  o.eclipse.m2e.core.internal.Bundles - getClasspathEntries(Bundle=org.apache.commons.cli_1.9.0 [47])
2024-12-03 18:12:56,547 [Worker-76: Launching Executing clean in C__Users_TVELAGAP_Desktop_MyProject_EduQuizPortal_Backend] INFO  o.eclipse.m2e.core.internal.Bundles - 	Entry: C:\Users\TVELAGAP\.p2\pool\plugins\org.apache.commons.cli_1.9.0.jar
2024-12-03 18:12:56,547 [Worker-76: Launching Executing clean in C__Users_TVELAGAP_Desktop_MyProject_EduQuizPortal_Backend] INFO  o.eclipse.m2e.core.internal.Bundles - getClasspathEntries(Bundle=org.apache.commons.commons-codec_1.16.0 [50])
2024-12-03 18:12:56,548 [Worker-76: Launching Executing clean in C__Users_TVELAGAP_Desktop_MyProject_EduQuizPortal_Backend] INFO  o.eclipse.m2e.core.internal.Bundles - 	Entry: C:\Users\TVELAGAP\.p2\pool\plugins\org.apache.commons.commons-codec_1.16.0.jar
2024-12-03 18:12:56,548 [Worker-76: Launching Executing clean in C__Users_TVELAGAP_Desktop_MyProject_EduQuizPortal_Backend] INFO  o.eclipse.m2e.core.internal.Bundles - getClasspathEntries(Bundle=com.google.guava.failureaccess_1.0.2 [11])
2024-12-03 18:12:56,549 [Worker-76: Launching Executing clean in C__Users_TVELAGAP_Desktop_MyProject_EduQuizPortal_Backend] INFO  o.eclipse.m2e.core.internal.Bundles - 	Entry: C:\Users\TVELAGAP\.p2\pool\plugins\com.google.guava.failureaccess_1.0.2.jar
2024-12-03 18:12:56,557 [Worker-76: Launching Executing clean in C__Users_TVELAGAP_Desktop_MyProject_EduQuizPortal_Backend] INFO  o.e.m.i.launch.MavenLaunchDelegate - Run build in "C:\Users\TVELAGAP\Desktop\MyProject\EduQuizPortal\Backend":
2024-12-03 18:12:56,567 [Worker-76: Launching Executing clean in C__Users_TVELAGAP_Desktop_MyProject_EduQuizPortal_Backend] INFO  o.e.m.i.launch.MavenLaunchDelegate -  mvn  -B -Dstyle.color=always clean
2024-12-03 18:13:08,586 [Worker-77: Launching Executing install in C__Users_TVELAGAP_Desktop_MyProject_EduQuizPortal_Backend] INFO  o.eclipse.m2e.core.internal.Bundles - getClasspathEntries(Bundle=org.eclipse.m2e.maven.runtime_3.9.900.20240824-1409 [299])
2024-12-03 18:13:08,588 [Worker-77: Launching Executing install in C__Users_TVELAGAP_Desktop_MyProject_EduQuizPortal_Backend] INFO  o.eclipse.m2e.core.internal.Bundles - 	Entry: C:\Users\TVELAGAP\.p2\pool\plugins\org.eclipse.m2e.maven.runtime_3.9.900.20240824-1409
2024-12-03 18:13:08,589 [Worker-77: Launching Executing install in C__Users_TVELAGAP_Desktop_MyProject_EduQuizPortal_Backend] INFO  o.eclipse.m2e.core.internal.Bundles - 	Entry: C:\Users\TVELAGAP\.p2\pool\plugins\org.eclipse.m2e.maven.runtime_3.9.900.20240824-1409\jars\aopalliance-1.0.jar
2024-12-03 18:13:08,589 [Worker-77: Launching Executing install in C__Users_TVELAGAP_Desktop_MyProject_EduQuizPortal_Backend] INFO  o.eclipse.m2e.core.internal.Bundles - 	Entry: C:\Users\TVELAGAP\.p2\pool\plugins\org.eclipse.m2e.maven.runtime_3.9.900.20240824-1409\jars\guice-5.1.0.jar
2024-12-03 18:13:08,590 [Worker-77: Launching Executing install in C__Users_TVELAGAP_Desktop_MyProject_EduQuizPortal_Backend] INFO  o.eclipse.m2e.core.internal.Bundles - 	Entry: C:\Users\TVELAGAP\.p2\pool\plugins\org.eclipse.m2e.maven.runtime_3.9.900.20240824-1409\jars\httpclient-4.5.14.jar
2024-12-03 18:13:08,590 [Worker-77: Launching Executing install in C__Users_TVELAGAP_Desktop_MyProject_EduQuizPortal_Backend] INFO  o.eclipse.m2e.core.internal.Bundles - 	Entry: C:\Users\TVELAGAP\.p2\pool\plugins\org.eclipse.m2e.maven.runtime_3.9.900.20240824-1409\jars\httpcore-4.4.16.jar
2024-12-03 18:13:08,590 [Worker-77: Launching Executing install in C__Users_TVELAGAP_Desktop_MyProject_EduQuizPortal_Backend] INFO  o.eclipse.m2e.core.internal.Bundles - 	Entry: C:\Users\TVELAGAP\.p2\pool\plugins\org.eclipse.m2e.maven.runtime_3.9.900.20240824-1409\jars\jansi-2.4.1.jar
2024-12-03 18:13:08,591 [Worker-77: Launching Executing install in C__Users_TVELAGAP_Desktop_MyProject_EduQuizPortal_Backend] INFO  o.eclipse.m2e.core.internal.Bundles - 	Entry: C:\Users\TVELAGAP\.p2\pool\plugins\org.eclipse.m2e.maven.runtime_3.9.900.20240824-1409\jars\jcl-over-slf4j-1.7.36.jar
2024-12-03 18:13:08,591 [Worker-77: Launching Executing install in C__Users_TVELAGAP_Desktop_MyProject_EduQuizPortal_Backend] INFO  o.eclipse.m2e.core.internal.Bundles - 	Entry: C:\Users\TVELAGAP\.p2\pool\plugins\org.eclipse.m2e.maven.runtime_3.9.900.20240824-1409\jars\maven-artifact-3.9.9.jar
2024-12-03 18:13:08,591 [Worker-77: Launching Executing install in C__Users_TVELAGAP_Desktop_MyProject_EduQuizPortal_Backend] INFO  o.eclipse.m2e.core.internal.Bundles - 	Entry: C:\Users\TVELAGAP\.p2\pool\plugins\org.eclipse.m2e.maven.runtime_3.9.900.20240824-1409\jars\maven-builder-support-3.9.9.jar
2024-12-03 18:13:08,591 [Worker-77: Launching Executing install in C__Users_TVELAGAP_Desktop_MyProject_EduQuizPortal_Backend] INFO  o.eclipse.m2e.core.internal.Bundles - 	Entry: C:\Users\TVELAGAP\.p2\pool\plugins\org.eclipse.m2e.maven.runtime_3.9.900.20240824-1409\jars\maven-compat-3.9.9.jar
2024-12-03 18:13:08,591 [Worker-77: Launching Executing install in C__Users_TVELAGAP_Desktop_MyProject_EduQuizPortal_Backend] INFO  o.eclipse.m2e.core.internal.Bundles - 	Entry: C:\Users\TVELAGAP\.p2\pool\plugins\org.eclipse.m2e.maven.runtime_3.9.900.20240824-1409\jars\maven-core-3.9.9.jar
2024-12-03 18:13:08,592 [Worker-77: Launching Executing install in C__Users_TVELAGAP_Desktop_MyProject_EduQuizPortal_Backend] INFO  o.eclipse.m2e.core.internal.Bundles - 	Entry: C:\Users\TVELAGAP\.p2\pool\plugins\org.eclipse.m2e.maven.runtime_3.9.900.20240824-1409\jars\maven-embedder-3.9.9.jar
2024-12-03 18:13:08,592 [Worker-77: Launching Executing install in C__Users_TVELAGAP_Desktop_MyProject_EduQuizPortal_Backend] INFO  o.eclipse.m2e.core.internal.Bundles - 	Entry: C:\Users\TVELAGAP\.p2\pool\plugins\org.eclipse.m2e.maven.runtime_3.9.900.20240824-1409\jars\maven-model-3.9.9.jar
2024-12-03 18:13:08,592 [Worker-77: Launching Executing install in C__Users_TVELAGAP_Desktop_MyProject_EduQuizPortal_Backend] INFO  o.eclipse.m2e.core.internal.Bundles - 	Entry: C:\Users\TVELAGAP\.p2\pool\plugins\org.eclipse.m2e.maven.runtime_3.9.900.20240824-1409\jars\maven-model-builder-3.9.9.jar
2024-12-03 18:13:08,593 [Worker-77: Launching Executing install in C__Users_TVELAGAP_Desktop_MyProject_EduQuizPortal_Backend] INFO  o.eclipse.m2e.core.internal.Bundles - 	Entry: C:\Users\TVELAGAP\.p2\pool\plugins\org.eclipse.m2e.maven.runtime_3.9.900.20240824-1409\jars\maven-plugin-api-3.9.9.jar
2024-12-03 18:13:08,593 [Worker-77: Launching Executing install in C__Users_TVELAGAP_Desktop_MyProject_EduQuizPortal_Backend] INFO  o.eclipse.m2e.core.internal.Bundles - 	Entry: C:\Users\TVELAGAP\.p2\pool\plugins\org.eclipse.m2e.maven.runtime_3.9.900.20240824-1409\jars\maven-repository-metadata-3.9.9.jar
2024-12-03 18:13:08,593 [Worker-77: Launching Executing install in C__Users_TVELAGAP_Desktop_MyProject_EduQuizPortal_Backend] INFO  o.eclipse.m2e.core.internal.Bundles - 	Entry: C:\Users\TVELAGAP\.p2\pool\plugins\org.eclipse.m2e.maven.runtime_3.9.900.20240824-1409\jars\maven-resolver-api-1.9.22.jar
2024-12-03 18:13:08,594 [Worker-77: Launching Executing install in C__Users_TVELAGAP_Desktop_MyProject_EduQuizPortal_Backend] INFO  o.eclipse.m2e.core.internal.Bundles - 	Entry: C:\Users\TVELAGAP\.p2\pool\plugins\org.eclipse.m2e.maven.runtime_3.9.900.20240824-1409\jars\maven-resolver-connector-basic-1.9.22.jar
2024-12-03 18:13:08,594 [Worker-77: Launching Executing install in C__Users_TVELAGAP_Desktop_MyProject_EduQuizPortal_Backend] INFO  o.eclipse.m2e.core.internal.Bundles - 	Entry: C:\Users\TVELAGAP\.p2\pool\plugins\org.eclipse.m2e.maven.runtime_3.9.900.20240824-1409\jars\maven-resolver-impl-1.9.22.jar
2024-12-03 18:13:08,594 [Worker-77: Launching Executing install in C__Users_TVELAGAP_Desktop_MyProject_EduQuizPortal_Backend] INFO  o.eclipse.m2e.core.internal.Bundles - 	Entry: C:\Users\TVELAGAP\.p2\pool\plugins\org.eclipse.m2e.maven.runtime_3.9.900.20240824-1409\jars\maven-resolver-named-locks-1.9.22.jar
2024-12-03 18:13:08,595 [Worker-77: Launching Executing install in C__Users_TVELAGAP_Desktop_MyProject_EduQuizPortal_Backend] INFO  o.eclipse.m2e.core.internal.Bundles - 	Entry: C:\Users\TVELAGAP\.p2\pool\plugins\org.eclipse.m2e.maven.runtime_3.9.900.20240824-1409\jars\maven-resolver-provider-3.9.9.jar
2024-12-03 18:13:08,595 [Worker-77: Launching Executing install in C__Users_TVELAGAP_Desktop_MyProject_EduQuizPortal_Backend] INFO  o.eclipse.m2e.core.internal.Bundles - 	Entry: C:\Users\TVELAGAP\.p2\pool\plugins\org.eclipse.m2e.maven.runtime_3.9.900.20240824-1409\jars\maven-resolver-spi-1.9.22.jar
2024-12-03 18:13:08,595 [Worker-77: Launching Executing install in C__Users_TVELAGAP_Desktop_MyProject_EduQuizPortal_Backend] INFO  o.eclipse.m2e.core.internal.Bundles - 	Entry: C:\Users\TVELAGAP\.p2\pool\plugins\org.eclipse.m2e.maven.runtime_3.9.900.20240824-1409\jars\maven-resolver-transport-file-1.9.22.jar
2024-12-03 18:13:08,595 [Worker-77: Launching Executing install in C__Users_TVELAGAP_Desktop_MyProject_EduQuizPortal_Backend] INFO  o.eclipse.m2e.core.internal.Bundles - 	Entry: C:\Users\TVELAGAP\.p2\pool\plugins\org.eclipse.m2e.maven.runtime_3.9.900.20240824-1409\jars\maven-resolver-transport-http-1.9.22.jar
2024-12-03 18:13:08,596 [Worker-77: Launching Executing install in C__Users_TVELAGAP_Desktop_MyProject_EduQuizPortal_Backend] INFO  o.eclipse.m2e.core.internal.Bundles - 	Entry: C:\Users\TVELAGAP\.p2\pool\plugins\org.eclipse.m2e.maven.runtime_3.9.900.20240824-1409\jars\maven-resolver-transport-wagon-1.9.22.jar
2024-12-03 18:13:08,596 [Worker-77: Launching Executing install in C__Users_TVELAGAP_Desktop_MyProject_EduQuizPortal_Backend] INFO  o.eclipse.m2e.core.internal.Bundles - 	Entry: C:\Users\TVELAGAP\.p2\pool\plugins\org.eclipse.m2e.maven.runtime_3.9.900.20240824-1409\jars\maven-resolver-util-1.9.22.jar
2024-12-03 18:13:08,596 [Worker-77: Launching Executing install in C__Users_TVELAGAP_Desktop_MyProject_EduQuizPortal_Backend] INFO  o.eclipse.m2e.core.internal.Bundles - 	Entry: C:\Users\TVELAGAP\.p2\pool\plugins\org.eclipse.m2e.maven.runtime_3.9.900.20240824-1409\jars\maven-settings-3.9.9.jar
2024-12-03 18:13:08,597 [Worker-77: Launching Executing install in C__Users_TVELAGAP_Desktop_MyProject_EduQuizPortal_Backend] INFO  o.eclipse.m2e.core.internal.Bundles - 	Entry: C:\Users\TVELAGAP\.p2\pool\plugins\org.eclipse.m2e.maven.runtime_3.9.900.20240824-1409\jars\maven-settings-builder-3.9.9.jar
2024-12-03 18:13:08,597 [Worker-77: Launching Executing install in C__Users_TVELAGAP_Desktop_MyProject_EduQuizPortal_Backend] INFO  o.eclipse.m2e.core.internal.Bundles - 	Entry: C:\Users\TVELAGAP\.p2\pool\plugins\org.eclipse.m2e.maven.runtime_3.9.900.20240824-1409\jars\maven-shared-utils-3.4.2.jar
2024-12-03 18:13:08,598 [Worker-77: Launching Executing install in C__Users_TVELAGAP_Desktop_MyProject_EduQuizPortal_Backend] INFO  o.eclipse.m2e.core.internal.Bundles - 	Entry: C:\Users\TVELAGAP\.p2\pool\plugins\org.eclipse.m2e.maven.runtime_3.9.900.20240824-1409\jars\org.eclipse.sisu.inject-0.9.0.M3.jar
2024-12-03 18:13:08,598 [Worker-77: Launching Executing install in C__Users_TVELAGAP_Desktop_MyProject_EduQuizPortal_Backend] INFO  o.eclipse.m2e.core.internal.Bundles - 	Entry: C:\Users\TVELAGAP\.p2\pool\plugins\org.eclipse.m2e.maven.runtime_3.9.900.20240824-1409\jars\org.eclipse.sisu.plexus-0.9.0.M3.jar
2024-12-03 18:13:08,598 [Worker-77: Launching Executing install in C__Users_TVELAGAP_Desktop_MyProject_EduQuizPortal_Backend] INFO  o.eclipse.m2e.core.internal.Bundles - 	Entry: C:\Users\TVELAGAP\.p2\pool\plugins\org.eclipse.m2e.maven.runtime_3.9.900.20240824-1409\jars\plexus-build-api-0.0.7.jar
2024-12-03 18:13:08,599 [Worker-77: Launching Executing install in C__Users_TVELAGAP_Desktop_MyProject_EduQuizPortal_Backend] INFO  o.eclipse.m2e.core.internal.Bundles - 	Entry: C:\Users\TVELAGAP\.p2\pool\plugins\org.eclipse.m2e.maven.runtime_3.9.900.20240824-1409\jars\plexus-build-api-1.2.0.jar
2024-12-03 18:13:08,599 [Worker-77: Launching Executing install in C__Users_TVELAGAP_Desktop_MyProject_EduQuizPortal_Backend] INFO  o.eclipse.m2e.core.internal.Bundles - 	Entry: C:\Users\TVELAGAP\.p2\pool\plugins\org.eclipse.m2e.maven.runtime_3.9.900.20240824-1409\jars\plexus-cipher-2.0.jar
2024-12-03 18:13:08,599 [Worker-77: Launching Executing install in C__Users_TVELAGAP_Desktop_MyProject_EduQuizPortal_Backend] INFO  o.eclipse.m2e.core.internal.Bundles - 	Entry: C:\Users\TVELAGAP\.p2\pool\plugins\org.eclipse.m2e.maven.runtime_3.9.900.20240824-1409\jars\plexus-classworlds-2.8.0.jar
2024-12-03 18:13:08,600 [Worker-77: Launching Executing install in C__Users_TVELAGAP_Desktop_MyProject_EduQuizPortal_Backend] INFO  o.eclipse.m2e.core.internal.Bundles - 	Entry: C:\Users\TVELAGAP\.p2\pool\plugins\org.eclipse.m2e.maven.runtime_3.9.900.20240824-1409\jars\plexus-component-annotations-2.1.0.jar
2024-12-03 18:13:08,600 [Worker-77: Launching Executing install in C__Users_TVELAGAP_Desktop_MyProject_EduQuizPortal_Backend] INFO  o.eclipse.m2e.core.internal.Bundles - 	Entry: C:\Users\TVELAGAP\.p2\pool\plugins\org.eclipse.m2e.maven.runtime_3.9.900.20240824-1409\jars\plexus-interpolation-1.27.jar
2024-12-03 18:13:08,600 [Worker-77: Launching Executing install in C__Users_TVELAGAP_Desktop_MyProject_EduQuizPortal_Backend] INFO  o.eclipse.m2e.core.internal.Bundles - 	Entry: C:\Users\TVELAGAP\.p2\pool\plugins\org.eclipse.m2e.maven.runtime_3.9.900.20240824-1409\jars\plexus-sec-dispatcher-2.0.jar
2024-12-03 18:13:08,601 [Worker-77: Launching Executing install in C__Users_TVELAGAP_Desktop_MyProject_EduQuizPortal_Backend] INFO  o.eclipse.m2e.core.internal.Bundles - 	Entry: C:\Users\TVELAGAP\.p2\pool\plugins\org.eclipse.m2e.maven.runtime_3.9.900.20240824-1409\jars\plexus-utils-3.5.1.jar
2024-12-03 18:13:08,601 [Worker-77: Launching Executing install in C__Users_TVELAGAP_Desktop_MyProject_EduQuizPortal_Backend] INFO  o.eclipse.m2e.core.internal.Bundles - 	Entry: C:\Users\TVELAGAP\.p2\pool\plugins\org.eclipse.m2e.maven.runtime_3.9.900.20240824-1409\jars\plexus-xml-3.0.1.jar
2024-12-03 18:13:08,601 [Worker-77: Launching Executing install in C__Users_TVELAGAP_Desktop_MyProject_EduQuizPortal_Backend] INFO  o.eclipse.m2e.core.internal.Bundles - 	Entry: C:\Users\TVELAGAP\.p2\pool\plugins\org.eclipse.m2e.maven.runtime_3.9.900.20240824-1409\jars\wagon-file-3.5.3.jar
2024-12-03 18:13:08,602 [Worker-77: Launching Executing install in C__Users_TVELAGAP_Desktop_MyProject_EduQuizPortal_Backend] INFO  o.eclipse.m2e.core.internal.Bundles - 	Entry: C:\Users\TVELAGAP\.p2\pool\plugins\org.eclipse.m2e.maven.runtime_3.9.900.20240824-1409\jars\wagon-http-3.5.3.jar
2024-12-03 18:13:08,602 [Worker-77: Launching Executing install in C__Users_TVELAGAP_Desktop_MyProject_EduQuizPortal_Backend] INFO  o.eclipse.m2e.core.internal.Bundles - 	Entry: C:\Users\TVELAGAP\.p2\pool\plugins\org.eclipse.m2e.maven.runtime_3.9.900.20240824-1409\jars\wagon-http-shared-3.5.3.jar
2024-12-03 18:13:08,602 [Worker-77: Launching Executing install in C__Users_TVELAGAP_Desktop_MyProject_EduQuizPortal_Backend] INFO  o.eclipse.m2e.core.internal.Bundles - 	Entry: C:\Users\TVELAGAP\.p2\pool\plugins\org.eclipse.m2e.maven.runtime_3.9.900.20240824-1409\jars\wagon-provider-api-3.5.3.jar
2024-12-03 18:13:08,603 [Worker-77: Launching Executing install in C__Users_TVELAGAP_Desktop_MyProject_EduQuizPortal_Backend] INFO  o.eclipse.m2e.core.internal.Bundles - getClasspathEntries(Bundle=com.google.guava_33.3.0.jre [10])
2024-12-03 18:13:08,604 [Worker-77: Launching Executing install in C__Users_TVELAGAP_Desktop_MyProject_EduQuizPortal_Backend] INFO  o.eclipse.m2e.core.internal.Bundles - 	Entry: C:\Users\TVELAGAP\.p2\pool\plugins\com.google.guava_33.3.0.jre.jar
2024-12-03 18:13:08,604 [Worker-77: Launching Executing install in C__Users_TVELAGAP_Desktop_MyProject_EduQuizPortal_Backend] INFO  o.eclipse.m2e.core.internal.Bundles - getClasspathEntries(Bundle=slf4j.api_2.0.16 [521])
2024-12-03 18:13:08,605 [Worker-77: Launching Executing install in C__Users_TVELAGAP_Desktop_MyProject_EduQuizPortal_Backend] INFO  o.eclipse.m2e.core.internal.Bundles - 	Entry: C:\Users\TVELAGAP\.p2\pool\plugins\slf4j.api_2.0.16.jar
2024-12-03 18:13:08,605 [Worker-77: Launching Executing install in C__Users_TVELAGAP_Desktop_MyProject_EduQuizPortal_Backend] INFO  o.eclipse.m2e.core.internal.Bundles - getClasspathEntries(Bundle=jakarta.inject.jakarta.inject-api_1.0.5 [22])
2024-12-03 18:13:08,605 [Worker-77: Launching Executing install in C__Users_TVELAGAP_Desktop_MyProject_EduQuizPortal_Backend] INFO  o.eclipse.m2e.core.internal.Bundles - 	Entry: C:\Users\TVELAGAP\.p2\pool\plugins\jakarta.inject.jakarta.inject-api_1.0.5.jar
2024-12-03 18:13:08,605 [Worker-77: Launching Executing install in C__Users_TVELAGAP_Desktop_MyProject_EduQuizPortal_Backend] INFO  o.eclipse.m2e.core.internal.Bundles - getClasspathEntries(Bundle=jakarta.annotation-api_1.3.5 [20])
2024-12-03 18:13:08,606 [Worker-77: Launching Executing install in C__Users_TVELAGAP_Desktop_MyProject_EduQuizPortal_Backend] INFO  o.eclipse.m2e.core.internal.Bundles - 	Entry: C:\Users\TVELAGAP\.p2\pool\plugins\jakarta.annotation-api_1.3.5.jar
2024-12-03 18:13:08,606 [Worker-77: Launching Executing install in C__Users_TVELAGAP_Desktop_MyProject_EduQuizPortal_Backend] INFO  o.eclipse.m2e.core.internal.Bundles - getClasspathEntries(Bundle=org.apache.commons.cli_1.9.0 [47])
2024-12-03 18:13:08,607 [Worker-77: Launching Executing install in C__Users_TVELAGAP_Desktop_MyProject_EduQuizPortal_Backend] INFO  o.eclipse.m2e.core.internal.Bundles - 	Entry: C:\Users\TVELAGAP\.p2\pool\plugins\org.apache.commons.cli_1.9.0.jar
2024-12-03 18:13:08,607 [Worker-77: Launching Executing install in C__Users_TVELAGAP_Desktop_MyProject_EduQuizPortal_Backend] INFO  o.eclipse.m2e.core.internal.Bundles - getClasspathEntries(Bundle=org.apache.commons.commons-codec_1.16.0 [50])
2024-12-03 18:13:08,608 [Worker-77: Launching Executing install in C__Users_TVELAGAP_Desktop_MyProject_EduQuizPortal_Backend] INFO  o.eclipse.m2e.core.internal.Bundles - 	Entry: C:\Users\TVELAGAP\.p2\pool\plugins\org.apache.commons.commons-codec_1.16.0.jar
2024-12-03 18:13:08,608 [Worker-77: Launching Executing install in C__Users_TVELAGAP_Desktop_MyProject_EduQuizPortal_Backend] INFO  o.eclipse.m2e.core.internal.Bundles - getClasspathEntries(Bundle=com.google.guava.failureaccess_1.0.2 [11])
2024-12-03 18:13:08,609 [Worker-77: Launching Executing install in C__Users_TVELAGAP_Desktop_MyProject_EduQuizPortal_Backend] INFO  o.eclipse.m2e.core.internal.Bundles - 	Entry: C:\Users\TVELAGAP\.p2\pool\plugins\com.google.guava.failureaccess_1.0.2.jar
2024-12-03 18:13:08,614 [Worker-77: Launching Executing install in C__Users_TVELAGAP_Desktop_MyProject_EduQuizPortal_Backend] INFO  o.e.m.i.launch.MavenLaunchDelegate - Run build in "C:\Users\TVELAGAP\Desktop\MyProject\EduQuizPortal\Backend":
2024-12-03 18:13:08,614 [Worker-77: Launching Executing install in C__Users_TVELAGAP_Desktop_MyProject_EduQuizPortal_Backend] INFO  o.e.m.i.launch.MavenLaunchDelegate -  mvn  -B -Dstyle.color=always install
2024-12-03 18:15:33,684 [Worker-80: Building] INFO  o.a.m.s.f.DefaultMavenResourcesFiltering - Copying 1 resource from src\main\resources to target\classes
2024-12-03 18:15:33,688 [Worker-80: Building] INFO  o.a.m.s.f.DefaultMavenResourcesFiltering - Copying 0 resource from src\main\resources to target\classes
2024-12-03 18:15:33,694 [Worker-80: Building] INFO  o.a.m.s.f.DefaultMavenResourcesFiltering - skip non existing resourceDirectory C:\Users\TVELAGAP\Desktop\MyProject\EduQuizPortal\Backend\src\test\resources
2024-12-03 18:15:34,955 [Worker-80: Building] INFO  o.a.m.s.f.DefaultMavenResourcesFiltering - Copying 0 resource from src\main\resources to target\classes
2024-12-03 18:15:34,956 [Worker-80: Building] INFO  o.a.m.s.f.DefaultMavenResourcesFiltering - Copying 0 resource from src\main\resources to target\classes
2024-12-03 18:15:34,961 [Worker-80: Building] INFO  o.a.m.s.f.DefaultMavenResourcesFiltering - skip non existing resourceDirectory C:\Users\TVELAGAP\Desktop\MyProject\EduQuizPortal\Backend\src\test\resources
2024-12-03 18:17:41,099 [Worker-71: Building] INFO  o.a.m.s.f.DefaultMavenResourcesFiltering - Copying 1 resource from src\main\resources to target\classes
2024-12-03 18:17:41,105 [Worker-71: Building] INFO  o.a.m.s.f.DefaultMavenResourcesFiltering - Copying 0 resource from src\main\resources to target\classes
2024-12-03 18:17:41,112 [Worker-71: Building] INFO  o.a.m.s.f.DefaultMavenResourcesFiltering - skip non existing resourceDirectory C:\Users\TVELAGAP\Desktop\MyProject\EduQuizPortal\Backend\src\test\resources
2024-12-03 18:17:52,899 [Worker-78: Building] INFO  o.a.m.s.f.DefaultMavenResourcesFiltering - Copying 1 resource from src\main\resources to target\classes
2024-12-03 18:17:52,902 [Worker-78: Building] INFO  o.a.m.s.f.DefaultMavenResourcesFiltering - Copying 0 resource from src\main\resources to target\classes
2024-12-03 18:17:52,907 [Worker-78: Building] INFO  o.a.m.s.f.DefaultMavenResourcesFiltering - skip non existing resourceDirectory C:\Users\TVELAGAP\Desktop\MyProject\EduQuizPortal\Backend\src\test\resources
2024-12-03 18:20:33,625 [Worker-81: Building] INFO  o.a.m.s.f.DefaultMavenResourcesFiltering - Copying 0 resource from src\main\resources to target\classes
2024-12-03 18:20:33,627 [Worker-81: Building] INFO  o.a.m.s.f.DefaultMavenResourcesFiltering - Copying 0 resource from src\main\resources to target\classes
2024-12-03 18:20:33,632 [Worker-81: Building] INFO  o.a.m.s.f.DefaultMavenResourcesFiltering - skip non existing resourceDirectory C:\Users\TVELAGAP\Desktop\MyProject\EduQuizPortal\Backend\src\test\resources
2024-12-03 18:40:09,338 [Worker-81: Launching Executing clean in C__Users_TVELAGAP_Desktop_MyProject_EduQuizPortal_Backend] INFO  o.eclipse.m2e.core.internal.Bundles - getClasspathEntries(Bundle=org.eclipse.m2e.maven.runtime_3.9.900.20240824-1409 [299])
2024-12-03 18:40:09,341 [Worker-81: Launching Executing clean in C__Users_TVELAGAP_Desktop_MyProject_EduQuizPortal_Backend] INFO  o.eclipse.m2e.core.internal.Bundles - 	Entry: C:\Users\TVELAGAP\.p2\pool\plugins\org.eclipse.m2e.maven.runtime_3.9.900.20240824-1409
2024-12-03 18:40:09,342 [Worker-81: Launching Executing clean in C__Users_TVELAGAP_Desktop_MyProject_EduQuizPortal_Backend] INFO  o.eclipse.m2e.core.internal.Bundles - 	Entry: C:\Users\TVELAGAP\.p2\pool\plugins\org.eclipse.m2e.maven.runtime_3.9.900.20240824-1409\jars\aopalliance-1.0.jar
2024-12-03 18:40:09,342 [Worker-81: Launching Executing clean in C__Users_TVELAGAP_Desktop_MyProject_EduQuizPortal_Backend] INFO  o.eclipse.m2e.core.internal.Bundles - 	Entry: C:\Users\TVELAGAP\.p2\pool\plugins\org.eclipse.m2e.maven.runtime_3.9.900.20240824-1409\jars\guice-5.1.0.jar
2024-12-03 18:40:09,343 [Worker-81: Launching Executing clean in C__Users_TVELAGAP_Desktop_MyProject_EduQuizPortal_Backend] INFO  o.eclipse.m2e.core.internal.Bundles - 	Entry: C:\Users\TVELAGAP\.p2\pool\plugins\org.eclipse.m2e.maven.runtime_3.9.900.20240824-1409\jars\httpclient-4.5.14.jar
2024-12-03 18:40:09,343 [Worker-81: Launching Executing clean in C__Users_TVELAGAP_Desktop_MyProject_EduQuizPortal_Backend] INFO  o.eclipse.m2e.core.internal.Bundles - 	Entry: C:\Users\TVELAGAP\.p2\pool\plugins\org.eclipse.m2e.maven.runtime_3.9.900.20240824-1409\jars\httpcore-4.4.16.jar
2024-12-03 18:40:09,343 [Worker-81: Launching Executing clean in C__Users_TVELAGAP_Desktop_MyProject_EduQuizPortal_Backend] INFO  o.eclipse.m2e.core.internal.Bundles - 	Entry: C:\Users\TVELAGAP\.p2\pool\plugins\org.eclipse.m2e.maven.runtime_3.9.900.20240824-1409\jars\jansi-2.4.1.jar
2024-12-03 18:40:09,344 [Worker-81: Launching Executing clean in C__Users_TVELAGAP_Desktop_MyProject_EduQuizPortal_Backend] INFO  o.eclipse.m2e.core.internal.Bundles - 	Entry: C:\Users\TVELAGAP\.p2\pool\plugins\org.eclipse.m2e.maven.runtime_3.9.900.20240824-1409\jars\jcl-over-slf4j-1.7.36.jar
2024-12-03 18:40:09,344 [Worker-81: Launching Executing clean in C__Users_TVELAGAP_Desktop_MyProject_EduQuizPortal_Backend] INFO  o.eclipse.m2e.core.internal.Bundles - 	Entry: C:\Users\TVELAGAP\.p2\pool\plugins\org.eclipse.m2e.maven.runtime_3.9.900.20240824-1409\jars\maven-artifact-3.9.9.jar
2024-12-03 18:40:09,345 [Worker-81: Launching Executing clean in C__Users_TVELAGAP_Desktop_MyProject_EduQuizPortal_Backend] INFO  o.eclipse.m2e.core.internal.Bundles - 	Entry: C:\Users\TVELAGAP\.p2\pool\plugins\org.eclipse.m2e.maven.runtime_3.9.900.20240824-1409\jars\maven-builder-support-3.9.9.jar
2024-12-03 18:40:09,345 [Worker-81: Launching Executing clean in C__Users_TVELAGAP_Desktop_MyProject_EduQuizPortal_Backend] INFO  o.eclipse.m2e.core.internal.Bundles - 	Entry: C:\Users\TVELAGAP\.p2\pool\plugins\org.eclipse.m2e.maven.runtime_3.9.900.20240824-1409\jars\maven-compat-3.9.9.jar
2024-12-03 18:40:09,345 [Worker-81: Launching Executing clean in C__Users_TVELAGAP_Desktop_MyProject_EduQuizPortal_Backend] INFO  o.eclipse.m2e.core.internal.Bundles - 	Entry: C:\Users\TVELAGAP\.p2\pool\plugins\org.eclipse.m2e.maven.runtime_3.9.900.20240824-1409\jars\maven-core-3.9.9.jar
2024-12-03 18:40:09,346 [Worker-81: Launching Executing clean in C__Users_TVELAGAP_Desktop_MyProject_EduQuizPortal_Backend] INFO  o.eclipse.m2e.core.internal.Bundles - 	Entry: C:\Users\TVELAGAP\.p2\pool\plugins\org.eclipse.m2e.maven.runtime_3.9.900.20240824-1409\jars\maven-embedder-3.9.9.jar
2024-12-03 18:40:09,346 [Worker-81: Launching Executing clean in C__Users_TVELAGAP_Desktop_MyProject_EduQuizPortal_Backend] INFO  o.eclipse.m2e.core.internal.Bundles - 	Entry: C:\Users\TVELAGAP\.p2\pool\plugins\org.eclipse.m2e.maven.runtime_3.9.900.20240824-1409\jars\maven-model-3.9.9.jar
2024-12-03 18:40:09,346 [Worker-81: Launching Executing clean in C__Users_TVELAGAP_Desktop_MyProject_EduQuizPortal_Backend] INFO  o.eclipse.m2e.core.internal.Bundles - 	Entry: C:\Users\TVELAGAP\.p2\pool\plugins\org.eclipse.m2e.maven.runtime_3.9.900.20240824-1409\jars\maven-model-builder-3.9.9.jar
2024-12-03 18:40:09,347 [Worker-81: Launching Executing clean in C__Users_TVELAGAP_Desktop_MyProject_EduQuizPortal_Backend] INFO  o.eclipse.m2e.core.internal.Bundles - 	Entry: C:\Users\TVELAGAP\.p2\pool\plugins\org.eclipse.m2e.maven.runtime_3.9.900.20240824-1409\jars\maven-plugin-api-3.9.9.jar
2024-12-03 18:40:09,347 [Worker-81: Launching Executing clean in C__Users_TVELAGAP_Desktop_MyProject_EduQuizPortal_Backend] INFO  o.eclipse.m2e.core.internal.Bundles - 	Entry: C:\Users\TVELAGAP\.p2\pool\plugins\org.eclipse.m2e.maven.runtime_3.9.900.20240824-1409\jars\maven-repository-metadata-3.9.9.jar
2024-12-03 18:40:09,348 [Worker-81: Launching Executing clean in C__Users_TVELAGAP_Desktop_MyProject_EduQuizPortal_Backend] INFO  o.eclipse.m2e.core.internal.Bundles - 	Entry: C:\Users\TVELAGAP\.p2\pool\plugins\org.eclipse.m2e.maven.runtime_3.9.900.20240824-1409\jars\maven-resolver-api-1.9.22.jar
2024-12-03 18:40:09,348 [Worker-81: Launching Executing clean in C__Users_TVELAGAP_Desktop_MyProject_EduQuizPortal_Backend] INFO  o.eclipse.m2e.core.internal.Bundles - 	Entry: C:\Users\TVELAGAP\.p2\pool\plugins\org.eclipse.m2e.maven.runtime_3.9.900.20240824-1409\jars\maven-resolver-connector-basic-1.9.22.jar
2024-12-03 18:40:09,349 [Worker-81: Launching Executing clean in C__Users_TVELAGAP_Desktop_MyProject_EduQuizPortal_Backend] INFO  o.eclipse.m2e.core.internal.Bundles - 	Entry: C:\Users\TVELAGAP\.p2\pool\plugins\org.eclipse.m2e.maven.runtime_3.9.900.20240824-1409\jars\maven-resolver-impl-1.9.22.jar
2024-12-03 18:40:09,349 [Worker-81: Launching Executing clean in C__Users_TVELAGAP_Desktop_MyProject_EduQuizPortal_Backend] INFO  o.eclipse.m2e.core.internal.Bundles - 	Entry: C:\Users\TVELAGAP\.p2\pool\plugins\org.eclipse.m2e.maven.runtime_3.9.900.20240824-1409\jars\maven-resolver-named-locks-1.9.22.jar
2024-12-03 18:40:09,350 [Worker-81: Launching Executing clean in C__Users_TVELAGAP_Desktop_MyProject_EduQuizPortal_Backend] INFO  o.eclipse.m2e.core.internal.Bundles - 	Entry: C:\Users\TVELAGAP\.p2\pool\plugins\org.eclipse.m2e.maven.runtime_3.9.900.20240824-1409\jars\maven-resolver-provider-3.9.9.jar
2024-12-03 18:40:09,350 [Worker-81: Launching Executing clean in C__Users_TVELAGAP_Desktop_MyProject_EduQuizPortal_Backend] INFO  o.eclipse.m2e.core.internal.Bundles - 	Entry: C:\Users\TVELAGAP\.p2\pool\plugins\org.eclipse.m2e.maven.runtime_3.9.900.20240824-1409\jars\maven-resolver-spi-1.9.22.jar
2024-12-03 18:40:09,351 [Worker-81: Launching Executing clean in C__Users_TVELAGAP_Desktop_MyProject_EduQuizPortal_Backend] INFO  o.eclipse.m2e.core.internal.Bundles - 	Entry: C:\Users\TVELAGAP\.p2\pool\plugins\org.eclipse.m2e.maven.runtime_3.9.900.20240824-1409\jars\maven-resolver-transport-file-1.9.22.jar
2024-12-03 18:40:09,351 [Worker-81: Launching Executing clean in C__Users_TVELAGAP_Desktop_MyProject_EduQuizPortal_Backend] INFO  o.eclipse.m2e.core.internal.Bundles - 	Entry: C:\Users\TVELAGAP\.p2\pool\plugins\org.eclipse.m2e.maven.runtime_3.9.900.20240824-1409\jars\maven-resolver-transport-http-1.9.22.jar
2024-12-03 18:40:09,352 [Worker-81: Launching Executing clean in C__Users_TVELAGAP_Desktop_MyProject_EduQuizPortal_Backend] INFO  o.eclipse.m2e.core.internal.Bundles - 	Entry: C:\Users\TVELAGAP\.p2\pool\plugins\org.eclipse.m2e.maven.runtime_3.9.900.20240824-1409\jars\maven-resolver-transport-wagon-1.9.22.jar
2024-12-03 18:40:09,352 [Worker-81: Launching Executing clean in C__Users_TVELAGAP_Desktop_MyProject_EduQuizPortal_Backend] INFO  o.eclipse.m2e.core.internal.Bundles - 	Entry: C:\Users\TVELAGAP\.p2\pool\plugins\org.eclipse.m2e.maven.runtime_3.9.900.20240824-1409\jars\maven-resolver-util-1.9.22.jar
2024-12-03 18:40:09,353 [Worker-81: Launching Executing clean in C__Users_TVELAGAP_Desktop_MyProject_EduQuizPortal_Backend] INFO  o.eclipse.m2e.core.internal.Bundles - 	Entry: C:\Users\TVELAGAP\.p2\pool\plugins\org.eclipse.m2e.maven.runtime_3.9.900.20240824-1409\jars\maven-settings-3.9.9.jar
2024-12-03 18:40:09,353 [Worker-81: Launching Executing clean in C__Users_TVELAGAP_Desktop_MyProject_EduQuizPortal_Backend] INFO  o.eclipse.m2e.core.internal.Bundles - 	Entry: C:\Users\TVELAGAP\.p2\pool\plugins\org.eclipse.m2e.maven.runtime_3.9.900.20240824-1409\jars\maven-settings-builder-3.9.9.jar
2024-12-03 18:40:09,353 [Worker-81: Launching Executing clean in C__Users_TVELAGAP_Desktop_MyProject_EduQuizPortal_Backend] INFO  o.eclipse.m2e.core.internal.Bundles - 	Entry: C:\Users\TVELAGAP\.p2\pool\plugins\org.eclipse.m2e.maven.runtime_3.9.900.20240824-1409\jars\maven-shared-utils-3.4.2.jar
2024-12-03 18:40:09,354 [Worker-81: Launching Executing clean in C__Users_TVELAGAP_Desktop_MyProject_EduQuizPortal_Backend] INFO  o.eclipse.m2e.core.internal.Bundles - 	Entry: C:\Users\TVELAGAP\.p2\pool\plugins\org.eclipse.m2e.maven.runtime_3.9.900.20240824-1409\jars\org.eclipse.sisu.inject-0.9.0.M3.jar
2024-12-03 18:40:09,354 [Worker-81: Launching Executing clean in C__Users_TVELAGAP_Desktop_MyProject_EduQuizPortal_Backend] INFO  o.eclipse.m2e.core.internal.Bundles - 	Entry: C:\Users\TVELAGAP\.p2\pool\plugins\org.eclipse.m2e.maven.runtime_3.9.900.20240824-1409\jars\org.eclipse.sisu.plexus-0.9.0.M3.jar
2024-12-03 18:40:09,355 [Worker-81: Launching Executing clean in C__Users_TVELAGAP_Desktop_MyProject_EduQuizPortal_Backend] INFO  o.eclipse.m2e.core.internal.Bundles - 	Entry: C:\Users\TVELAGAP\.p2\pool\plugins\org.eclipse.m2e.maven.runtime_3.9.900.20240824-1409\jars\plexus-build-api-0.0.7.jar
2024-12-03 18:40:09,355 [Worker-81: Launching Executing clean in C__Users_TVELAGAP_Desktop_MyProject_EduQuizPortal_Backend] INFO  o.eclipse.m2e.core.internal.Bundles - 	Entry: C:\Users\TVELAGAP\.p2\pool\plugins\org.eclipse.m2e.maven.runtime_3.9.900.20240824-1409\jars\plexus-build-api-1.2.0.jar
2024-12-03 18:40:09,356 [Worker-81: Launching Executing clean in C__Users_TVELAGAP_Desktop_MyProject_EduQuizPortal_Backend] INFO  o.eclipse.m2e.core.internal.Bundles - 	Entry: C:\Users\TVELAGAP\.p2\pool\plugins\org.eclipse.m2e.maven.runtime_3.9.900.20240824-1409\jars\plexus-cipher-2.0.jar
2024-12-03 18:40:09,356 [Worker-81: Launching Executing clean in C__Users_TVELAGAP_Desktop_MyProject_EduQuizPortal_Backend] INFO  o.eclipse.m2e.core.internal.Bundles - 	Entry: C:\Users\TVELAGAP\.p2\pool\plugins\org.eclipse.m2e.maven.runtime_3.9.900.20240824-1409\jars\plexus-classworlds-2.8.0.jar
2024-12-03 18:40:09,357 [Worker-81: Launching Executing clean in C__Users_TVELAGAP_Desktop_MyProject_EduQuizPortal_Backend] INFO  o.eclipse.m2e.core.internal.Bundles - 	Entry: C:\Users\TVELAGAP\.p2\pool\plugins\org.eclipse.m2e.maven.runtime_3.9.900.20240824-1409\jars\plexus-component-annotations-2.1.0.jar
2024-12-03 18:40:09,358 [Worker-81: Launching Executing clean in C__Users_TVELAGAP_Desktop_MyProject_EduQuizPortal_Backend] INFO  o.eclipse.m2e.core.internal.Bundles - 	Entry: C:\Users\TVELAGAP\.p2\pool\plugins\org.eclipse.m2e.maven.runtime_3.9.900.20240824-1409\jars\plexus-interpolation-1.27.jar
2024-12-03 18:40:09,358 [Worker-81: Launching Executing clean in C__Users_TVELAGAP_Desktop_MyProject_EduQuizPortal_Backend] INFO  o.eclipse.m2e.core.internal.Bundles - 	Entry: C:\Users\TVELAGAP\.p2\pool\plugins\org.eclipse.m2e.maven.runtime_3.9.900.20240824-1409\jars\plexus-sec-dispatcher-2.0.jar
2024-12-03 18:40:09,358 [Worker-81: Launching Executing clean in C__Users_TVELAGAP_Desktop_MyProject_EduQuizPortal_Backend] INFO  o.eclipse.m2e.core.internal.Bundles - 	Entry: C:\Users\TVELAGAP\.p2\pool\plugins\org.eclipse.m2e.maven.runtime_3.9.900.20240824-1409\jars\plexus-utils-3.5.1.jar
2024-12-03 18:40:09,359 [Worker-81: Launching Executing clean in C__Users_TVELAGAP_Desktop_MyProject_EduQuizPortal_Backend] INFO  o.eclipse.m2e.core.internal.Bundles - 	Entry: C:\Users\TVELAGAP\.p2\pool\plugins\org.eclipse.m2e.maven.runtime_3.9.900.20240824-1409\jars\plexus-xml-3.0.1.jar
2024-12-03 18:40:09,359 [Worker-81: Launching Executing clean in C__Users_TVELAGAP_Desktop_MyProject_EduQuizPortal_Backend] INFO  o.eclipse.m2e.core.internal.Bundles - 	Entry: C:\Users\TVELAGAP\.p2\pool\plugins\org.eclipse.m2e.maven.runtime_3.9.900.20240824-1409\jars\wagon-file-3.5.3.jar
2024-12-03 18:40:09,360 [Worker-81: Launching Executing clean in C__Users_TVELAGAP_Desktop_MyProject_EduQuizPortal_Backend] INFO  o.eclipse.m2e.core.internal.Bundles - 	Entry: C:\Users\TVELAGAP\.p2\pool\plugins\org.eclipse.m2e.maven.runtime_3.9.900.20240824-1409\jars\wagon-http-3.5.3.jar
2024-12-03 18:40:09,360 [Worker-81: Launching Executing clean in C__Users_TVELAGAP_Desktop_MyProject_EduQuizPortal_Backend] INFO  o.eclipse.m2e.core.internal.Bundles - 	Entry: C:\Users\TVELAGAP\.p2\pool\plugins\org.eclipse.m2e.maven.runtime_3.9.900.20240824-1409\jars\wagon-http-shared-3.5.3.jar
2024-12-03 18:40:09,360 [Worker-81: Launching Executing clean in C__Users_TVELAGAP_Desktop_MyProject_EduQuizPortal_Backend] INFO  o.eclipse.m2e.core.internal.Bundles - 	Entry: C:\Users\TVELAGAP\.p2\pool\plugins\org.eclipse.m2e.maven.runtime_3.9.900.20240824-1409\jars\wagon-provider-api-3.5.3.jar
2024-12-03 18:40:09,362 [Worker-81: Launching Executing clean in C__Users_TVELAGAP_Desktop_MyProject_EduQuizPortal_Backend] INFO  o.eclipse.m2e.core.internal.Bundles - getClasspathEntries(Bundle=com.google.guava_33.3.0.jre [10])
2024-12-03 18:40:09,363 [Worker-81: Launching Executing clean in C__Users_TVELAGAP_Desktop_MyProject_EduQuizPortal_Backend] INFO  o.eclipse.m2e.core.internal.Bundles - 	Entry: C:\Users\TVELAGAP\.p2\pool\plugins\com.google.guava_33.3.0.jre.jar
2024-12-03 18:40:09,364 [Worker-81: Launching Executing clean in C__Users_TVELAGAP_Desktop_MyProject_EduQuizPortal_Backend] INFO  o.eclipse.m2e.core.internal.Bundles - getClasspathEntries(Bundle=slf4j.api_2.0.16 [521])
2024-12-03 18:40:09,365 [Worker-81: Launching Executing clean in C__Users_TVELAGAP_Desktop_MyProject_EduQuizPortal_Backend] INFO  o.eclipse.m2e.core.internal.Bundles - 	Entry: C:\Users\TVELAGAP\.p2\pool\plugins\slf4j.api_2.0.16.jar
2024-12-03 18:40:09,365 [Worker-81: Launching Executing clean in C__Users_TVELAGAP_Desktop_MyProject_EduQuizPortal_Backend] INFO  o.eclipse.m2e.core.internal.Bundles - getClasspathEntries(Bundle=jakarta.inject.jakarta.inject-api_1.0.5 [22])
2024-12-03 18:40:09,366 [Worker-81: Launching Executing clean in C__Users_TVELAGAP_Desktop_MyProject_EduQuizPortal_Backend] INFO  o.eclipse.m2e.core.internal.Bundles - 	Entry: C:\Users\TVELAGAP\.p2\pool\plugins\jakarta.inject.jakarta.inject-api_1.0.5.jar
2024-12-03 18:40:09,367 [Worker-81: Launching Executing clean in C__Users_TVELAGAP_Desktop_MyProject_EduQuizPortal_Backend] INFO  o.eclipse.m2e.core.internal.Bundles - getClasspathEntries(Bundle=jakarta.annotation-api_1.3.5 [20])
2024-12-03 18:40:09,368 [Worker-81: Launching Executing clean in C__Users_TVELAGAP_Desktop_MyProject_EduQuizPortal_Backend] INFO  o.eclipse.m2e.core.internal.Bundles - 	Entry: C:\Users\TVELAGAP\.p2\pool\plugins\jakarta.annotation-api_1.3.5.jar
2024-12-03 18:40:09,368 [Worker-81: Launching Executing clean in C__Users_TVELAGAP_Desktop_MyProject_EduQuizPortal_Backend] INFO  o.eclipse.m2e.core.internal.Bundles - getClasspathEntries(Bundle=org.apache.commons.cli_1.9.0 [47])
2024-12-03 18:40:09,369 [Worker-81: Launching Executing clean in C__Users_TVELAGAP_Desktop_MyProject_EduQuizPortal_Backend] INFO  o.eclipse.m2e.core.internal.Bundles - 	Entry: C:\Users\TVELAGAP\.p2\pool\plugins\org.apache.commons.cli_1.9.0.jar
2024-12-03 18:40:09,369 [Worker-81: Launching Executing clean in C__Users_TVELAGAP_Desktop_MyProject_EduQuizPortal_Backend] INFO  o.eclipse.m2e.core.internal.Bundles - getClasspathEntries(Bundle=org.apache.commons.commons-codec_1.16.0 [50])
2024-12-03 18:40:09,370 [Worker-81: Launching Executing clean in C__Users_TVELAGAP_Desktop_MyProject_EduQuizPortal_Backend] INFO  o.eclipse.m2e.core.internal.Bundles - 	Entry: C:\Users\TVELAGAP\.p2\pool\plugins\org.apache.commons.commons-codec_1.16.0.jar
2024-12-03 18:40:09,370 [Worker-81: Launching Executing clean in C__Users_TVELAGAP_Desktop_MyProject_EduQuizPortal_Backend] INFO  o.eclipse.m2e.core.internal.Bundles - getClasspathEntries(Bundle=com.google.guava.failureaccess_1.0.2 [11])
2024-12-03 18:40:09,371 [Worker-81: Launching Executing clean in C__Users_TVELAGAP_Desktop_MyProject_EduQuizPortal_Backend] INFO  o.eclipse.m2e.core.internal.Bundles - 	Entry: C:\Users\TVELAGAP\.p2\pool\plugins\com.google.guava.failureaccess_1.0.2.jar
2024-12-03 18:40:09,377 [Worker-81: Launching Executing clean in C__Users_TVELAGAP_Desktop_MyProject_EduQuizPortal_Backend] INFO  o.e.m.i.launch.MavenLaunchDelegate - Run build in "C:\Users\TVELAGAP\Desktop\MyProject\EduQuizPortal\Backend":
2024-12-03 18:40:09,377 [Worker-81: Launching Executing clean in C__Users_TVELAGAP_Desktop_MyProject_EduQuizPortal_Backend] INFO  o.e.m.i.launch.MavenLaunchDelegate -  mvn  -B -Dstyle.color=always clean
2024-12-03 18:40:22,164 [Worker-87: Launching Executing install in C__Users_TVELAGAP_Desktop_MyProject_EduQuizPortal_Backend] INFO  o.eclipse.m2e.core.internal.Bundles - getClasspathEntries(Bundle=org.eclipse.m2e.maven.runtime_3.9.900.20240824-1409 [299])
2024-12-03 18:40:22,166 [Worker-87: Launching Executing install in C__Users_TVELAGAP_Desktop_MyProject_EduQuizPortal_Backend] INFO  o.eclipse.m2e.core.internal.Bundles - 	Entry: C:\Users\TVELAGAP\.p2\pool\plugins\org.eclipse.m2e.maven.runtime_3.9.900.20240824-1409
2024-12-03 18:40:22,167 [Worker-87: Launching Executing install in C__Users_TVELAGAP_Desktop_MyProject_EduQuizPortal_Backend] INFO  o.eclipse.m2e.core.internal.Bundles - 	Entry: C:\Users\TVELAGAP\.p2\pool\plugins\org.eclipse.m2e.maven.runtime_3.9.900.20240824-1409\jars\aopalliance-1.0.jar
2024-12-03 18:40:22,167 [Worker-87: Launching Executing install in C__Users_TVELAGAP_Desktop_MyProject_EduQuizPortal_Backend] INFO  o.eclipse.m2e.core.internal.Bundles - 	Entry: C:\Users\TVELAGAP\.p2\pool\plugins\org.eclipse.m2e.maven.runtime_3.9.900.20240824-1409\jars\guice-5.1.0.jar
2024-12-03 18:40:22,167 [Worker-87: Launching Executing install in C__Users_TVELAGAP_Desktop_MyProject_EduQuizPortal_Backend] INFO  o.eclipse.m2e.core.internal.Bundles - 	Entry: C:\Users\TVELAGAP\.p2\pool\plugins\org.eclipse.m2e.maven.runtime_3.9.900.20240824-1409\jars\httpclient-4.5.14.jar
2024-12-03 18:40:22,168 [Worker-87: Launching Executing install in C__Users_TVELAGAP_Desktop_MyProject_EduQuizPortal_Backend] INFO  o.eclipse.m2e.core.internal.Bundles - 	Entry: C:\Users\TVELAGAP\.p2\pool\plugins\org.eclipse.m2e.maven.runtime_3.9.900.20240824-1409\jars\httpcore-4.4.16.jar
2024-12-03 18:40:22,168 [Worker-87: Launching Executing install in C__Users_TVELAGAP_Desktop_MyProject_EduQuizPortal_Backend] INFO  o.eclipse.m2e.core.internal.Bundles - 	Entry: C:\Users\TVELAGAP\.p2\pool\plugins\org.eclipse.m2e.maven.runtime_3.9.900.20240824-1409\jars\jansi-2.4.1.jar
2024-12-03 18:40:22,169 [Worker-87: Launching Executing install in C__Users_TVELAGAP_Desktop_MyProject_EduQuizPortal_Backend] INFO  o.eclipse.m2e.core.internal.Bundles - 	Entry: C:\Users\TVELAGAP\.p2\pool\plugins\org.eclipse.m2e.maven.runtime_3.9.900.20240824-1409\jars\jcl-over-slf4j-1.7.36.jar
2024-12-03 18:40:22,169 [Worker-87: Launching Executing install in C__Users_TVELAGAP_Desktop_MyProject_EduQuizPortal_Backend] INFO  o.eclipse.m2e.core.internal.Bundles - 	Entry: C:\Users\TVELAGAP\.p2\pool\plugins\org.eclipse.m2e.maven.runtime_3.9.900.20240824-1409\jars\maven-artifact-3.9.9.jar
2024-12-03 18:40:22,169 [Worker-87: Launching Executing install in C__Users_TVELAGAP_Desktop_MyProject_EduQuizPortal_Backend] INFO  o.eclipse.m2e.core.internal.Bundles - 	Entry: C:\Users\TVELAGAP\.p2\pool\plugins\org.eclipse.m2e.maven.runtime_3.9.900.20240824-1409\jars\maven-builder-support-3.9.9.jar
2024-12-03 18:40:22,170 [Worker-87: Launching Executing install in C__Users_TVELAGAP_Desktop_MyProject_EduQuizPortal_Backend] INFO  o.eclipse.m2e.core.internal.Bundles - 	Entry: C:\Users\TVELAGAP\.p2\pool\plugins\org.eclipse.m2e.maven.runtime_3.9.900.20240824-1409\jars\maven-compat-3.9.9.jar
2024-12-03 18:40:22,170 [Worker-87: Launching Executing install in C__Users_TVELAGAP_Desktop_MyProject_EduQuizPortal_Backend] INFO  o.eclipse.m2e.core.internal.Bundles - 	Entry: C:\Users\TVELAGAP\.p2\pool\plugins\org.eclipse.m2e.maven.runtime_3.9.900.20240824-1409\jars\maven-core-3.9.9.jar
2024-12-03 18:40:22,170 [Worker-87: Launching Executing install in C__Users_TVELAGAP_Desktop_MyProject_EduQuizPortal_Backend] INFO  o.eclipse.m2e.core.internal.Bundles - 	Entry: C:\Users\TVELAGAP\.p2\pool\plugins\org.eclipse.m2e.maven.runtime_3.9.900.20240824-1409\jars\maven-embedder-3.9.9.jar
2024-12-03 18:40:22,171 [Worker-87: Launching Executing install in C__Users_TVELAGAP_Desktop_MyProject_EduQuizPortal_Backend] INFO  o.eclipse.m2e.core.internal.Bundles - 	Entry: C:\Users\TVELAGAP\.p2\pool\plugins\org.eclipse.m2e.maven.runtime_3.9.900.20240824-1409\jars\maven-model-3.9.9.jar
2024-12-03 18:40:22,172 [Worker-87: Launching Executing install in C__Users_TVELAGAP_Desktop_MyProject_EduQuizPortal_Backend] INFO  o.eclipse.m2e.core.internal.Bundles - 	Entry: C:\Users\TVELAGAP\.p2\pool\plugins\org.eclipse.m2e.maven.runtime_3.9.900.20240824-1409\jars\maven-model-builder-3.9.9.jar
2024-12-03 18:40:22,172 [Worker-87: Launching Executing install in C__Users_TVELAGAP_Desktop_MyProject_EduQuizPortal_Backend] INFO  o.eclipse.m2e.core.internal.Bundles - 	Entry: C:\Users\TVELAGAP\.p2\pool\plugins\org.eclipse.m2e.maven.runtime_3.9.900.20240824-1409\jars\maven-plugin-api-3.9.9.jar
2024-12-03 18:40:22,173 [Worker-87: Launching Executing install in C__Users_TVELAGAP_Desktop_MyProject_EduQuizPortal_Backend] INFO  o.eclipse.m2e.core.internal.Bundles - 	Entry: C:\Users\TVELAGAP\.p2\pool\plugins\org.eclipse.m2e.maven.runtime_3.9.900.20240824-1409\jars\maven-repository-metadata-3.9.9.jar
2024-12-03 18:40:22,173 [Worker-87: Launching Executing install in C__Users_TVELAGAP_Desktop_MyProject_EduQuizPortal_Backend] INFO  o.eclipse.m2e.core.internal.Bundles - 	Entry: C:\Users\TVELAGAP\.p2\pool\plugins\org.eclipse.m2e.maven.runtime_3.9.900.20240824-1409\jars\maven-resolver-api-1.9.22.jar
2024-12-03 18:40:22,174 [Worker-87: Launching Executing install in C__Users_TVELAGAP_Desktop_MyProject_EduQuizPortal_Backend] INFO  o.eclipse.m2e.core.internal.Bundles - 	Entry: C:\Users\TVELAGAP\.p2\pool\plugins\org.eclipse.m2e.maven.runtime_3.9.900.20240824-1409\jars\maven-resolver-connector-basic-1.9.22.jar
2024-12-03 18:40:22,175 [Worker-87: Launching Executing install in C__Users_TVELAGAP_Desktop_MyProject_EduQuizPortal_Backend] INFO  o.eclipse.m2e.core.internal.Bundles - 	Entry: C:\Users\TVELAGAP\.p2\pool\plugins\org.eclipse.m2e.maven.runtime_3.9.900.20240824-1409\jars\maven-resolver-impl-1.9.22.jar
2024-12-03 18:40:22,175 [Worker-87: Launching Executing install in C__Users_TVELAGAP_Desktop_MyProject_EduQuizPortal_Backend] INFO  o.eclipse.m2e.core.internal.Bundles - 	Entry: C:\Users\TVELAGAP\.p2\pool\plugins\org.eclipse.m2e.maven.runtime_3.9.900.20240824-1409\jars\maven-resolver-named-locks-1.9.22.jar
2024-12-03 18:40:22,175 [Worker-87: Launching Executing install in C__Users_TVELAGAP_Desktop_MyProject_EduQuizPortal_Backend] INFO  o.eclipse.m2e.core.internal.Bundles - 	Entry: C:\Users\TVELAGAP\.p2\pool\plugins\org.eclipse.m2e.maven.runtime_3.9.900.20240824-1409\jars\maven-resolver-provider-3.9.9.jar
2024-12-03 18:40:22,176 [Worker-87: Launching Executing install in C__Users_TVELAGAP_Desktop_MyProject_EduQuizPortal_Backend] INFO  o.eclipse.m2e.core.internal.Bundles - 	Entry: C:\Users\TVELAGAP\.p2\pool\plugins\org.eclipse.m2e.maven.runtime_3.9.900.20240824-1409\jars\maven-resolver-spi-1.9.22.jar
2024-12-03 18:40:22,177 [Worker-87: Launching Executing install in C__Users_TVELAGAP_Desktop_MyProject_EduQuizPortal_Backend] INFO  o.eclipse.m2e.core.internal.Bundles - 	Entry: C:\Users\TVELAGAP\.p2\pool\plugins\org.eclipse.m2e.maven.runtime_3.9.900.20240824-1409\jars\maven-resolver-transport-file-1.9.22.jar
2024-12-03 18:40:22,177 [Worker-87: Launching Executing install in C__Users_TVELAGAP_Desktop_MyProject_EduQuizPortal_Backend] INFO  o.eclipse.m2e.core.internal.Bundles - 	Entry: C:\Users\TVELAGAP\.p2\pool\plugins\org.eclipse.m2e.maven.runtime_3.9.900.20240824-1409\jars\maven-resolver-transport-http-1.9.22.jar
2024-12-03 18:40:22,178 [Worker-87: Launching Executing install in C__Users_TVELAGAP_Desktop_MyProject_EduQuizPortal_Backend] INFO  o.eclipse.m2e.core.internal.Bundles - 	Entry: C:\Users\TVELAGAP\.p2\pool\plugins\org.eclipse.m2e.maven.runtime_3.9.900.20240824-1409\jars\maven-resolver-transport-wagon-1.9.22.jar
2024-12-03 18:40:22,178 [Worker-87: Launching Executing install in C__Users_TVELAGAP_Desktop_MyProject_EduQuizPortal_Backend] INFO  o.eclipse.m2e.core.internal.Bundles - 	Entry: C:\Users\TVELAGAP\.p2\pool\plugins\org.eclipse.m2e.maven.runtime_3.9.900.20240824-1409\jars\maven-resolver-util-1.9.22.jar
2024-12-03 18:40:22,179 [Worker-87: Launching Executing install in C__Users_TVELAGAP_Desktop_MyProject_EduQuizPortal_Backend] INFO  o.eclipse.m2e.core.internal.Bundles - 	Entry: C:\Users\TVELAGAP\.p2\pool\plugins\org.eclipse.m2e.maven.runtime_3.9.900.20240824-1409\jars\maven-settings-3.9.9.jar
2024-12-03 18:40:22,180 [Worker-87: Launching Executing install in C__Users_TVELAGAP_Desktop_MyProject_EduQuizPortal_Backend] INFO  o.eclipse.m2e.core.internal.Bundles - 	Entry: C:\Users\TVELAGAP\.p2\pool\plugins\org.eclipse.m2e.maven.runtime_3.9.900.20240824-1409\jars\maven-settings-builder-3.9.9.jar
2024-12-03 18:40:22,181 [Worker-87: Launching Executing install in C__Users_TVELAGAP_Desktop_MyProject_EduQuizPortal_Backend] INFO  o.eclipse.m2e.core.internal.Bundles - 	Entry: C:\Users\TVELAGAP\.p2\pool\plugins\org.eclipse.m2e.maven.runtime_3.9.900.20240824-1409\jars\maven-shared-utils-3.4.2.jar
2024-12-03 18:40:22,181 [Worker-87: Launching Executing install in C__Users_TVELAGAP_Desktop_MyProject_EduQuizPortal_Backend] INFO  o.eclipse.m2e.core.internal.Bundles - 	Entry: C:\Users\TVELAGAP\.p2\pool\plugins\org.eclipse.m2e.maven.runtime_3.9.900.20240824-1409\jars\org.eclipse.sisu.inject-0.9.0.M3.jar
2024-12-03 18:40:22,181 [Worker-87: Launching Executing install in C__Users_TVELAGAP_Desktop_MyProject_EduQuizPortal_Backend] INFO  o.eclipse.m2e.core.internal.Bundles - 	Entry: C:\Users\TVELAGAP\.p2\pool\plugins\org.eclipse.m2e.maven.runtime_3.9.900.20240824-1409\jars\org.eclipse.sisu.plexus-0.9.0.M3.jar
2024-12-03 18:40:22,182 [Worker-87: Launching Executing install in C__Users_TVELAGAP_Desktop_MyProject_EduQuizPortal_Backend] INFO  o.eclipse.m2e.core.internal.Bundles - 	Entry: C:\Users\TVELAGAP\.p2\pool\plugins\org.eclipse.m2e.maven.runtime_3.9.900.20240824-1409\jars\plexus-build-api-0.0.7.jar
2024-12-03 18:40:22,182 [Worker-87: Launching Executing install in C__Users_TVELAGAP_Desktop_MyProject_EduQuizPortal_Backend] INFO  o.eclipse.m2e.core.internal.Bundles - 	Entry: C:\Users\TVELAGAP\.p2\pool\plugins\org.eclipse.m2e.maven.runtime_3.9.900.20240824-1409\jars\plexus-build-api-1.2.0.jar
2024-12-03 18:40:22,182 [Worker-87: Launching Executing install in C__Users_TVELAGAP_Desktop_MyProject_EduQuizPortal_Backend] INFO  o.eclipse.m2e.core.internal.Bundles - 	Entry: C:\Users\TVELAGAP\.p2\pool\plugins\org.eclipse.m2e.maven.runtime_3.9.900.20240824-1409\jars\plexus-cipher-2.0.jar
2024-12-03 18:40:22,183 [Worker-87: Launching Executing install in C__Users_TVELAGAP_Desktop_MyProject_EduQuizPortal_Backend] INFO  o.eclipse.m2e.core.internal.Bundles - 	Entry: C:\Users\TVELAGAP\.p2\pool\plugins\org.eclipse.m2e.maven.runtime_3.9.900.20240824-1409\jars\plexus-classworlds-2.8.0.jar
2024-12-03 18:40:22,183 [Worker-87: Launching Executing install in C__Users_TVELAGAP_Desktop_MyProject_EduQuizPortal_Backend] INFO  o.eclipse.m2e.core.internal.Bundles - 	Entry: C:\Users\TVELAGAP\.p2\pool\plugins\org.eclipse.m2e.maven.runtime_3.9.900.20240824-1409\jars\plexus-component-annotations-2.1.0.jar
2024-12-03 18:40:22,184 [Worker-87: Launching Executing install in C__Users_TVELAGAP_Desktop_MyProject_EduQuizPortal_Backend] INFO  o.eclipse.m2e.core.internal.Bundles - 	Entry: C:\Users\TVELAGAP\.p2\pool\plugins\org.eclipse.m2e.maven.runtime_3.9.900.20240824-1409\jars\plexus-interpolation-1.27.jar
2024-12-03 18:40:22,185 [Worker-87: Launching Executing install in C__Users_TVELAGAP_Desktop_MyProject_EduQuizPortal_Backend] INFO  o.eclipse.m2e.core.internal.Bundles - 	Entry: C:\Users\TVELAGAP\.p2\pool\plugins\org.eclipse.m2e.maven.runtime_3.9.900.20240824-1409\jars\plexus-sec-dispatcher-2.0.jar
2024-12-03 18:40:22,185 [Worker-87: Launching Executing install in C__Users_TVELAGAP_Desktop_MyProject_EduQuizPortal_Backend] INFO  o.eclipse.m2e.core.internal.Bundles - 	Entry: C:\Users\TVELAGAP\.p2\pool\plugins\org.eclipse.m2e.maven.runtime_3.9.900.20240824-1409\jars\plexus-utils-3.5.1.jar
2024-12-03 18:40:22,185 [Worker-87: Launching Executing install in C__Users_TVELAGAP_Desktop_MyProject_EduQuizPortal_Backend] INFO  o.eclipse.m2e.core.internal.Bundles - 	Entry: C:\Users\TVELAGAP\.p2\pool\plugins\org.eclipse.m2e.maven.runtime_3.9.900.20240824-1409\jars\plexus-xml-3.0.1.jar
2024-12-03 18:40:22,186 [Worker-87: Launching Executing install in C__Users_TVELAGAP_Desktop_MyProject_EduQuizPortal_Backend] INFO  o.eclipse.m2e.core.internal.Bundles - 	Entry: C:\Users\TVELAGAP\.p2\pool\plugins\org.eclipse.m2e.maven.runtime_3.9.900.20240824-1409\jars\wagon-file-3.5.3.jar
2024-12-03 18:40:22,186 [Worker-87: Launching Executing install in C__Users_TVELAGAP_Desktop_MyProject_EduQuizPortal_Backend] INFO  o.eclipse.m2e.core.internal.Bundles - 	Entry: C:\Users\TVELAGAP\.p2\pool\plugins\org.eclipse.m2e.maven.runtime_3.9.900.20240824-1409\jars\wagon-http-3.5.3.jar
2024-12-03 18:40:22,187 [Worker-87: Launching Executing install in C__Users_TVELAGAP_Desktop_MyProject_EduQuizPortal_Backend] INFO  o.eclipse.m2e.core.internal.Bundles - 	Entry: C:\Users\TVELAGAP\.p2\pool\plugins\org.eclipse.m2e.maven.runtime_3.9.900.20240824-1409\jars\wagon-http-shared-3.5.3.jar
2024-12-03 18:40:22,187 [Worker-87: Launching Executing install in C__Users_TVELAGAP_Desktop_MyProject_EduQuizPortal_Backend] INFO  o.eclipse.m2e.core.internal.Bundles - 	Entry: C:\Users\TVELAGAP\.p2\pool\plugins\org.eclipse.m2e.maven.runtime_3.9.900.20240824-1409\jars\wagon-provider-api-3.5.3.jar
2024-12-03 18:40:22,188 [Worker-87: Launching Executing install in C__Users_TVELAGAP_Desktop_MyProject_EduQuizPortal_Backend] INFO  o.eclipse.m2e.core.internal.Bundles - getClasspathEntries(Bundle=com.google.guava_33.3.0.jre [10])
2024-12-03 18:40:22,190 [Worker-87: Launching Executing install in C__Users_TVELAGAP_Desktop_MyProject_EduQuizPortal_Backend] INFO  o.eclipse.m2e.core.internal.Bundles - 	Entry: C:\Users\TVELAGAP\.p2\pool\plugins\com.google.guava_33.3.0.jre.jar
2024-12-03 18:40:22,190 [Worker-87: Launching Executing install in C__Users_TVELAGAP_Desktop_MyProject_EduQuizPortal_Backend] INFO  o.eclipse.m2e.core.internal.Bundles - getClasspathEntries(Bundle=slf4j.api_2.0.16 [521])
2024-12-03 18:40:22,191 [Worker-87: Launching Executing install in C__Users_TVELAGAP_Desktop_MyProject_EduQuizPortal_Backend] INFO  o.eclipse.m2e.core.internal.Bundles - 	Entry: C:\Users\TVELAGAP\.p2\pool\plugins\slf4j.api_2.0.16.jar
2024-12-03 18:40:22,191 [Worker-87: Launching Executing install in C__Users_TVELAGAP_Desktop_MyProject_EduQuizPortal_Backend] INFO  o.eclipse.m2e.core.internal.Bundles - getClasspathEntries(Bundle=jakarta.inject.jakarta.inject-api_1.0.5 [22])
2024-12-03 18:40:22,192 [Worker-87: Launching Executing install in C__Users_TVELAGAP_Desktop_MyProject_EduQuizPortal_Backend] INFO  o.eclipse.m2e.core.internal.Bundles - 	Entry: C:\Users\TVELAGAP\.p2\pool\plugins\jakarta.inject.jakarta.inject-api_1.0.5.jar
2024-12-03 18:40:22,193 [Worker-87: Launching Executing install in C__Users_TVELAGAP_Desktop_MyProject_EduQuizPortal_Backend] INFO  o.eclipse.m2e.core.internal.Bundles - getClasspathEntries(Bundle=jakarta.annotation-api_1.3.5 [20])
2024-12-03 18:40:22,193 [Worker-87: Launching Executing install in C__Users_TVELAGAP_Desktop_MyProject_EduQuizPortal_Backend] INFO  o.eclipse.m2e.core.internal.Bundles - 	Entry: C:\Users\TVELAGAP\.p2\pool\plugins\jakarta.annotation-api_1.3.5.jar
2024-12-03 18:40:22,194 [Worker-87: Launching Executing install in C__Users_TVELAGAP_Desktop_MyProject_EduQuizPortal_Backend] INFO  o.eclipse.m2e.core.internal.Bundles - getClasspathEntries(Bundle=org.apache.commons.cli_1.9.0 [47])
2024-12-03 18:40:22,195 [Worker-87: Launching Executing install in C__Users_TVELAGAP_Desktop_MyProject_EduQuizPortal_Backend] INFO  o.eclipse.m2e.core.internal.Bundles - 	Entry: C:\Users\TVELAGAP\.p2\pool\plugins\org.apache.commons.cli_1.9.0.jar
2024-12-03 18:40:22,195 [Worker-87: Launching Executing install in C__Users_TVELAGAP_Desktop_MyProject_EduQuizPortal_Backend] INFO  o.eclipse.m2e.core.internal.Bundles - getClasspathEntries(Bundle=org.apache.commons.commons-codec_1.16.0 [50])
2024-12-03 18:40:22,196 [Worker-87: Launching Executing install in C__Users_TVELAGAP_Desktop_MyProject_EduQuizPortal_Backend] INFO  o.eclipse.m2e.core.internal.Bundles - 	Entry: C:\Users\TVELAGAP\.p2\pool\plugins\org.apache.commons.commons-codec_1.16.0.jar
2024-12-03 18:40:22,196 [Worker-87: Launching Executing install in C__Users_TVELAGAP_Desktop_MyProject_EduQuizPortal_Backend] INFO  o.eclipse.m2e.core.internal.Bundles - getClasspathEntries(Bundle=com.google.guava.failureaccess_1.0.2 [11])
2024-12-03 18:40:22,198 [Worker-87: Launching Executing install in C__Users_TVELAGAP_Desktop_MyProject_EduQuizPortal_Backend] INFO  o.eclipse.m2e.core.internal.Bundles - 	Entry: C:\Users\TVELAGAP\.p2\pool\plugins\com.google.guava.failureaccess_1.0.2.jar
2024-12-03 18:40:22,203 [Worker-87: Launching Executing install in C__Users_TVELAGAP_Desktop_MyProject_EduQuizPortal_Backend] INFO  o.e.m.i.launch.MavenLaunchDelegate - Run build in "C:\Users\TVELAGAP\Desktop\MyProject\EduQuizPortal\Backend":
2024-12-03 18:40:22,203 [Worker-87: Launching Executing install in C__Users_TVELAGAP_Desktop_MyProject_EduQuizPortal_Backend] INFO  o.e.m.i.launch.MavenLaunchDelegate -  mvn  -B -Dstyle.color=always install
2024-12-03 19:09:19,423 [Worker-97: Building] INFO  o.a.m.s.f.DefaultMavenResourcesFiltering - Copying 0 resource from src\main\resources to target\classes
2024-12-03 19:09:19,425 [Worker-97: Building] INFO  o.a.m.s.f.DefaultMavenResourcesFiltering - Copying 0 resource from src\main\resources to target\classes
2024-12-03 19:09:19,433 [Worker-97: Building] INFO  o.a.m.s.f.DefaultMavenResourcesFiltering - skip non existing resourceDirectory C:\Users\TVELAGAP\Desktop\MyProject\EduQuizPortal\Backend\src\test\resources
2024-12-03 19:27:48,972 [Worker-1: Loading available Gradle versions] INFO  o.e.b.c.i.u.g.PublishedGradleVersions - Gradle version information cache is out-of-date. Trying to update.
2024-12-03 19:28:08,145 [Worker-14: Building] INFO  o.a.m.s.f.DefaultMavenResourcesFiltering - Copying 1 resource from src\main\resources to target\classes
2024-12-03 19:28:08,190 [Worker-14: Building] INFO  o.a.m.s.f.DefaultMavenResourcesFiltering - Copying 0 resource from src\main\resources to target\classes
2024-12-03 19:28:08,208 [Worker-14: Building] INFO  o.a.m.s.f.DefaultMavenResourcesFiltering - skip non existing resourceDirectory C:\Users\TVELAGAP\Desktop\MyProject\EduQuizPortal\Backend\src\test\resources
2024-12-05 10:18:25,467 [Worker-6: Loading available Gradle versions] INFO  o.e.b.c.i.u.g.PublishedGradleVersions - Gradle version information cache is out-of-date. Trying to update.
